2020-08-18T12:49:26.229165Z	info	FLAG: --concurrency="0"
2020-08-18T12:49:26.229207Z	info	FLAG: --disableInternalTelemetry="false"
2020-08-18T12:49:26.229216Z	info	FLAG: --domain="istio-system.svc.cluster.local"
2020-08-18T12:49:26.229221Z	info	FLAG: --help="false"
2020-08-18T12:49:26.229226Z	info	FLAG: --id=""
2020-08-18T12:49:26.229230Z	info	FLAG: --ip=""
2020-08-18T12:49:26.229234Z	info	FLAG: --log_as_json="false"
2020-08-18T12:49:26.229238Z	info	FLAG: --log_caller=""
2020-08-18T12:49:26.229243Z	info	FLAG: --log_output_level="default:info"
2020-08-18T12:49:26.229247Z	info	FLAG: --log_rotate=""
2020-08-18T12:49:26.229251Z	info	FLAG: --log_rotate_max_age="30"
2020-08-18T12:49:26.229255Z	info	FLAG: --log_rotate_max_backups="1000"
2020-08-18T12:49:26.229267Z	info	FLAG: --log_rotate_max_size="104857600"
2020-08-18T12:49:26.229272Z	info	FLAG: --log_stacktrace_level="default:none"
2020-08-18T12:49:26.229280Z	info	FLAG: --log_target="[stdout]"
2020-08-18T12:49:26.229495Z	info	FLAG: --meshConfig="./etc/istio/config/mesh"
2020-08-18T12:49:26.229502Z	info	FLAG: --mixerIdentity=""
2020-08-18T12:49:26.229506Z	info	FLAG: --outlierLogPath=""
2020-08-18T12:49:26.229510Z	info	FLAG: --pilotIdentity=""
2020-08-18T12:49:26.229514Z	info	FLAG: --proxyComponentLogLevel="misc:error"
2020-08-18T12:49:26.229518Z	info	FLAG: --proxyLogLevel="warning"
2020-08-18T12:49:26.229523Z	info	FLAG: --serviceCluster="istio-ingressgateway"
2020-08-18T12:49:26.229527Z	info	FLAG: --serviceregistry="Kubernetes"
2020-08-18T12:49:26.229531Z	info	FLAG: --stsPort="0"
2020-08-18T12:49:26.229547Z	info	FLAG: --templateFile=""
2020-08-18T12:49:26.229553Z	info	FLAG: --tokenManagerPlugin="GoogleTokenExchange"
2020-08-18T12:49:26.229583Z	info	FLAG: --trust-domain="cluster.local"
2020-08-18T12:49:26.229616Z	info	Version 1.6.4-58f551e08f08addfd81783e1c2ed1eabeb836168-dirty-Modified
2020-08-18T12:49:26.229877Z	info	Obtained private IP [10.0.4.195]
2020-08-18T12:49:26.230056Z	info	Apply mesh config from file accessLogEncoding: TEXT
accessLogFile: ""
accessLogFormat: ""
defaultConfig:
  concurrency: 2
  configPath: ./etc/istio/proxy
  connectTimeout: 10s
  controlPlaneAuthPolicy: NONE
  discoveryAddress: istiod-remote.istio-system.svc:15012
  drainDuration: 45s
  parentShutdownDuration: 1m0s
  proxyAdminPort: 15000
  proxyMetadata:
    DNS_AGENT: ""
  serviceCluster: istio-proxy
  tracing:
    zipkin:
      address: zipkin.istio-system:9411
disableMixerHttpReports: true
disablePolicyChecks: true
enablePrometheusMerge: false
ingressClass: istio
ingressControllerMode: STRICT
ingressService: istio-ingressgateway
protocolDetectionTimeout: 100ms
reportBatchMaxEntries: 100
reportBatchMaxTime: 1s
sdsUdsPath: unix:/etc/istio/proxy/SDS
trustDomain: cluster.local
trustDomainAliases: null
2020-08-18T12:49:26.232997Z	info	Effective config: binaryPath: /usr/local/bin/envoy
configPath: ./etc/istio/proxy
discoveryAddress: istiod-remote.istio-system.svc:15012
drainDuration: 45s
envoyAccessLogService: {}
envoyMetricsService: {}
parentShutdownDuration: 60s
proxyAdminPort: 15000
proxyMetadata:
  DNS_AGENT: ""
serviceCluster: istio-ingressgateway
statNameLength: 189
statusPort: 15020
tracing:
  zipkin:
    address: zipkin.istio-system:9411

2020-08-18T12:49:26.233070Z	info	Proxy role: &model.Proxy{ClusterID:"", Type:"router", IPAddresses:[]string{"10.0.4.195"}, ID:"istio-ingressgateway-5db65c56d9-8z85d.istio-system", Locality:(*envoy_api_v2_core.Locality)(nil), DNSDomain:"istio-system.svc.cluster.local", ConfigNamespace:"", Metadata:(*model.NodeMetadata)(nil), SidecarScope:(*model.SidecarScope)(nil), PrevSidecarScope:(*model.SidecarScope)(nil), MergedGateway:(*model.MergedGateway)(nil), ServiceInstances:[]*model.ServiceInstance(nil), IstioVersion:(*model.IstioVersion)(nil), ipv6Support:false, ipv4Support:false, GlobalUnicastIP:"", XdsResourceGenerator:model.XdsResourceGenerator(nil), Active:map[string]*model.WatchedResource(nil)}
2020-08-18T12:49:26.233080Z	info	JWT policy is first-party-jwt
2020-08-18T12:49:26.233117Z	info	PilotSAN []string{"istiod-remote.istio-system.svc"}
2020-08-18T12:49:26.233156Z	info	MixerSAN []string{"spiffe://cluster.local/ns/istio-system/sa/istio-mixer-service-account"}
2020-08-18T12:49:26.287051Z	info	serverOptions.CAEndpoint == istiod.istio-system.svc:15012
2020-08-18T12:49:26.287073Z	info	Using user-configured CA istiod.istio-system.svc:15012
2020-08-18T12:49:26.287078Z	info	istiod uses self-issued certificate
2020-08-18T12:49:26.287128Z	info	the CA cert of istiod is: -----BEGIN CERTIFICATE-----
MIID7TCCAtWgAwIBAgIJAOIRDhOcxsx6MA0GCSqGSIb3DQEBCwUAMIGLMQswCQYD
VQQGEwJVUzETMBEGA1UECAwKQ2FsaWZvcm5pYTESMBAGA1UEBwwJU3Vubnl2YWxl
MQ4wDAYDVQQKDAVJc3RpbzENMAsGA1UECwwEVGVzdDEQMA4GA1UEAwwHUm9vdCBD
QTEiMCAGCSqGSIb3DQEJARYTdGVzdHJvb3RjYUBpc3Rpby5pbzAgFw0xODAxMjQx
OTE1NTFaGA8yMTE3MTIzMTE5MTU1MVowgYsxCzAJBgNVBAYTAlVTMRMwEQYDVQQI
DApDYWxpZm9ybmlhMRIwEAYDVQQHDAlTdW5ueXZhbGUxDjAMBgNVBAoMBUlzdGlv
MQ0wCwYDVQQLDARUZXN0MRAwDgYDVQQDDAdSb290IENBMSIwIAYJKoZIhvcNAQkB
FhN0ZXN0cm9vdGNhQGlzdGlvLmlvMIIBIjANBgkqhkiG9w0BAQEFAAOCAQ8AMIIB
CgKCAQEA38uEfAatzQYqbaLou1nxJ348VyNzumYMmDDt5pbLYRrCo2pS3ki1ZVDN
8yxIENJFkpKw9UctTGdbNGuGCiSDP7uqF6BiVn+XKAU/3pnPFBbTd0S33NqbDEQu
IYraHSl/tSk5rARbC1DrQRdZ6nYD2KrapC4g0XbjY6Pu5l4y7KnFwSunnp9uqpZw
uERv/BgumJ5QlSeSeCmhnDhLxooG8w5tC2yVr1yDpsOHGimP/mc8Cds4V0zfIhQv
YzfIHphhE9DKjmnjBYLOdj4aycv44jHnOGc+wvA1Jqsl60t3wgms+zJTiWwABLdw
zgMAa7yxLyoV0+PiVQud6k+8ZoIFcwIDAQABo1AwTjAdBgNVHQ4EFgQUOUYGtUyh
euxO4lGe4Op1y8NVoagwHwYDVR0jBBgwFoAUOUYGtUyheuxO4lGe4Op1y8NVoagw
DAYDVR0TBAUwAwEB/zANBgkqhkiG9w0BAQsFAAOCAQEANXLyfAs7J9rmBamGJvPZ
ltx390WxzzLFQsBRAaH6rgeipBq3dR9qEjAwb6BTF+ROmtQzX+fjstCRrJxCto9W
tC8KvXTdRfIjfCCZjhtIOBKqRxE4KJV/RBfv9xD5lyjtCPCQl3Ia6MSf42N+abAK
WCdU6KCojA8WB9YhSCzza3aQbPTzd26OC/JblJpVgtus5f8ILzCsz+pbMimgTkhy
AuhYRppJaQ24APijsEC9+GIaVKPg5IwWroiPoj+QXNpshuvqVQQXvGaRiq4zoSnx
xAJz+w8tjrDWcf826VN14IL+/Cmqlg/rIfB5CHdwVIfWwpuGB66q/UiPegZMNs8a
3g==
-----END CERTIFICATE-----

2020-08-18T12:49:26.287298Z	info	parsed scheme: ""
2020-08-18T12:49:26.287319Z	info	scheme "" not registered, fallback to default scheme
2020-08-18T12:49:26.287347Z	info	ccResolverWrapper: sending update to cc: {[{istiod.istio-system.svc:15012  <nil> 0 <nil>}] <nil> <nil>}
2020-08-18T12:49:26.287361Z	info	ClientConn switching balancer to "pick_first"
2020-08-18T12:49:26.287368Z	info	Channel switches to new LB policy "pick_first"
2020-08-18T12:49:26.287396Z	info	Subchannel Connectivity change to CONNECTING
2020-08-18T12:49:26.287424Z	info	Starting gateway SDS
2020-08-18T12:49:26.287479Z	info	pickfirstBalancer: HandleSubConnStateChange: 0xc000d482f0, {CONNECTING <nil>}
2020-08-18T12:49:26.287537Z	info	Channel Connectivity change to CONNECTING
2020-08-18T12:49:26.287633Z	info	Subchannel picks a new address "istiod.istio-system.svc:15012" to connect
2020-08-18T12:49:26.298584Z	info	Subchannel Connectivity change to READY
2020-08-18T12:49:26.298646Z	info	pickfirstBalancer: HandleSubConnStateChange: 0xc000d482f0, {READY <nil>}
2020-08-18T12:49:26.298663Z	info	Channel Connectivity change to READY
2020-08-18T12:49:26.303440Z	warn	secretfetcher	failed load server cert/key pair from secret cacerts: server cert or private key is empty
2020-08-18T12:49:26.392530Z	info	sds	SDS gRPC server for workload UDS starts, listening on "./etc/istio/proxy/SDS" 

2020-08-18T12:49:26.392620Z	info	sds	Start SDS grpc server
2020-08-18T12:49:26.392656Z	info	sds	SDS gRPC server for ingress gateway controller starts, listening on "/var/run/ingress_gateway/sds" 

2020-08-18T12:49:26.392678Z	info	sds	Start SDS grpc server for ingress gateway proxy
2020-08-18T12:49:26.392700Z	info	Starting proxy agent
2020-08-18T12:49:26.392708Z	info	Opening status port 15020

2020-08-18T12:49:26.392755Z	info	Received new config, creating new Envoy epoch 0
2020-08-18T12:49:26.392795Z	info	Epoch 0 starting
2020-08-18T12:49:26.401437Z	info	Envoy command: [-c etc/istio/proxy/envoy-rev0.json --restart-epoch 0 --drain-time-s 45 --parent-shutdown-time-s 60 --service-cluster istio-ingressgateway --service-node router~10.0.4.195~istio-ingressgateway-5db65c56d9-8z85d.istio-system~istio-system.svc.cluster.local --max-obj-name-len 189 --local-address-ip-version v4 --log-format %Y-%m-%dT%T.%fZ	%l	envoy %n	%v -l warning --component-log-level misc:error]
2020-08-18T12:49:26.507892Z	warning	envoy config	[bazel-out/k8-opt/bin/external/envoy/source/common/config/_virtual_includes/grpc_stream_lib/common/config/grpc_stream.h:92] StreamAggregatedResources gRPC config stream closed: 14, no healthy upstream
2020-08-18T12:49:26.508052Z	warning	envoy config	[bazel-out/k8-opt/bin/external/envoy/source/common/config/_virtual_includes/grpc_stream_lib/common/config/grpc_stream.h:54] Unable to establish new stream
2020-08-18T12:49:26.516988Z	warning	envoy main	[external/envoy/source/server/server.cc:475] there is no configured limit to the number of allowed active connections. Set a limit via the runtime key overload.global_downstream_max_connections
2020-08-18T12:49:26.520679Z	info	sds	resource:default new connection
2020-08-18T12:49:26.520804Z	info	sds	Skipping waiting for ingress gateway secret
2020-08-18T12:49:27.118151Z	info	cache	Root cert has changed, start rotating root cert for SDS clients
2020-08-18T12:49:27.118214Z	info	cache	GenerateSecret default
2020-08-18T12:49:27.118394Z	info	sds	resource:default pushed key/cert pair to proxy
2020-08-18T12:49:27.218007Z	info	sds	resource:ROOTCA new connection
2020-08-18T12:49:27.218135Z	info	sds	Skipping waiting for ingress gateway secret
2020-08-18T12:49:27.218169Z	info	cache	Loaded root cert from certificate ROOTCA
2020-08-18T12:49:27.218277Z	info	sds	resource:ROOTCA pushed root cert to proxy
2020-08-18T12:49:28.477018Z	info	Envoy proxy is ready
2020-08-18T13:17:01.996871Z	warning	envoy config	[bazel-out/k8-opt/bin/external/envoy/source/common/config/_virtual_includes/grpc_stream_lib/common/config/grpc_stream.h:92] StreamAggregatedResources gRPC config stream closed: 13, 
2020-08-18T13:20:27.592055Z	info	Subchannel Connectivity change to CONNECTING
2020-08-18T13:20:27.592265Z	info	transport: loopyWriter.run returning. connection error: desc = "transport is closing"
2020-08-18T13:20:27.592411Z	info	pickfirstBalancer: HandleSubConnStateChange: 0xc000d482f0, {CONNECTING <nil>}
2020-08-18T13:20:27.592447Z	info	Channel Connectivity change to CONNECTING
2020-08-18T13:20:27.592448Z	info	Subchannel picks a new address "istiod.istio-system.svc:15012" to connect
2020-08-18T13:20:27.608237Z	info	Subchannel Connectivity change to READY
2020-08-18T13:20:27.608287Z	info	pickfirstBalancer: HandleSubConnStateChange: 0xc000d482f0, {READY <nil>}
2020-08-18T13:20:27.608305Z	info	Channel Connectivity change to READY
2020-08-18T13:45:30.475155Z	warning	envoy config	[bazel-out/k8-opt/bin/external/envoy/source/common/config/_virtual_includes/grpc_stream_lib/common/config/grpc_stream.h:92] StreamAggregatedResources gRPC config stream closed: 13, 
2020-08-18T13:53:05.978405Z	info	Subchannel Connectivity change to CONNECTING
2020-08-18T13:53:05.978472Z	info	transport: loopyWriter.run returning. connection error: desc = "transport is closing"
2020-08-18T13:53:05.978559Z	info	pickfirstBalancer: HandleSubConnStateChange: 0xc000d482f0, {CONNECTING <nil>}
2020-08-18T13:53:05.978579Z	info	Channel Connectivity change to CONNECTING
2020-08-18T13:53:05.978615Z	info	Subchannel picks a new address "istiod.istio-system.svc:15012" to connect
2020-08-18T13:53:05.987034Z	info	Subchannel Connectivity change to READY
2020-08-18T13:53:05.987062Z	info	pickfirstBalancer: HandleSubConnStateChange: 0xc000d482f0, {READY <nil>}
2020-08-18T13:53:05.987070Z	info	Channel Connectivity change to READY
2020-08-18T14:17:19.524161Z	warning	envoy config	[bazel-out/k8-opt/bin/external/envoy/source/common/config/_virtual_includes/grpc_stream_lib/common/config/grpc_stream.h:92] StreamAggregatedResources gRPC config stream closed: 13, 
2020-08-18T14:24:16.691333Z	info	Subchannel Connectivity change to CONNECTING
2020-08-18T14:24:16.691518Z	info	transport: loopyWriter.run returning. connection error: desc = "transport is closing"
2020-08-18T14:24:16.691566Z	info	pickfirstBalancer: HandleSubConnStateChange: 0xc000d482f0, {CONNECTING <nil>}
2020-08-18T14:24:16.691700Z	info	Channel Connectivity change to CONNECTING
2020-08-18T14:24:16.691728Z	info	Subchannel picks a new address "istiod.istio-system.svc:15012" to connect
2020-08-18T14:24:16.706670Z	info	Subchannel Connectivity change to READY
2020-08-18T14:24:16.706820Z	info	pickfirstBalancer: HandleSubConnStateChange: 0xc000d482f0, {READY <nil>}
2020-08-18T14:24:16.706905Z	info	Channel Connectivity change to READY
2020-08-18T14:46:46.237694Z	warning	envoy config	[bazel-out/k8-opt/bin/external/envoy/source/common/config/_virtual_includes/grpc_stream_lib/common/config/grpc_stream.h:92] StreamAggregatedResources gRPC config stream closed: 13, 
2020-08-18T14:53:15.053028Z	info	Subchannel Connectivity change to CONNECTING
2020-08-18T14:53:15.053166Z	info	transport: loopyWriter.run returning. connection error: desc = "transport is closing"
2020-08-18T14:53:15.053191Z	info	pickfirstBalancer: HandleSubConnStateChange: 0xc000d482f0, {CONNECTING <nil>}
2020-08-18T14:53:15.053228Z	info	Channel Connectivity change to CONNECTING
2020-08-18T14:53:15.053215Z	info	Subchannel picks a new address "istiod.istio-system.svc:15012" to connect
2020-08-18T14:53:15.063072Z	info	Subchannel Connectivity change to READY
2020-08-18T14:53:15.063094Z	info	pickfirstBalancer: HandleSubConnStateChange: 0xc000d482f0, {READY <nil>}
2020-08-18T14:53:15.063102Z	info	Channel Connectivity change to READY
2020-08-18T15:18:51.726878Z	warning	envoy config	[bazel-out/k8-opt/bin/external/envoy/source/common/config/_virtual_includes/grpc_stream_lib/common/config/grpc_stream.h:92] StreamAggregatedResources gRPC config stream closed: 13, 
2020-08-18T15:21:45.585771Z	info	Subchannel Connectivity change to CONNECTING
2020-08-18T15:21:45.585984Z	info	pickfirstBalancer: HandleSubConnStateChange: 0xc000d482f0, {CONNECTING <nil>}
2020-08-18T15:21:45.586033Z	info	Channel Connectivity change to CONNECTING
2020-08-18T15:21:45.586028Z	info	Subchannel picks a new address "istiod.istio-system.svc:15012" to connect
2020-08-18T15:21:45.585942Z	info	transport: loopyWriter.run returning. connection error: desc = "transport is closing"
2020-08-18T15:21:45.597346Z	info	Subchannel Connectivity change to READY
2020-08-18T15:21:45.597429Z	info	pickfirstBalancer: HandleSubConnStateChange: 0xc000d482f0, {READY <nil>}
2020-08-18T15:21:45.597443Z	info	Channel Connectivity change to READY
2020-08-18T15:47:21.175718Z	warning	envoy config	[bazel-out/k8-opt/bin/external/envoy/source/common/config/_virtual_includes/grpc_stream_lib/common/config/grpc_stream.h:92] StreamAggregatedResources gRPC config stream closed: 13, 
2020-08-18T15:51:44.494497Z	info	Subchannel Connectivity change to CONNECTING
2020-08-18T15:51:44.494603Z	info	transport: loopyWriter.run returning. connection error: desc = "transport is closing"
2020-08-18T15:51:44.494795Z	info	pickfirstBalancer: HandleSubConnStateChange: 0xc000d482f0, {CONNECTING <nil>}
2020-08-18T15:51:44.494784Z	info	Subchannel picks a new address "istiod.istio-system.svc:15012" to connect
2020-08-18T15:51:44.494832Z	info	Channel Connectivity change to CONNECTING
2020-08-18T15:51:44.505656Z	info	Subchannel Connectivity change to READY
2020-08-18T15:51:44.505774Z	info	pickfirstBalancer: HandleSubConnStateChange: 0xc000d482f0, {READY <nil>}
2020-08-18T15:51:44.505797Z	info	Channel Connectivity change to READY
2020-08-18T16:19:36.798265Z	warning	envoy config	[bazel-out/k8-opt/bin/external/envoy/source/common/config/_virtual_includes/grpc_stream_lib/common/config/grpc_stream.h:92] StreamAggregatedResources gRPC config stream closed: 13, 
2020-08-18T16:21:05.085371Z	info	Subchannel Connectivity change to CONNECTING
2020-08-18T16:21:05.085770Z	info	Subchannel picks a new address "istiod.istio-system.svc:15012" to connect
2020-08-18T16:21:05.085977Z	info	pickfirstBalancer: HandleSubConnStateChange: 0xc000d482f0, {CONNECTING <nil>}
2020-08-18T16:21:05.086334Z	info	Channel Connectivity change to CONNECTING
2020-08-18T16:21:05.086268Z	info	transport: loopyWriter.run returning. connection error: desc = "transport is closing"
2020-08-18T16:21:05.099080Z	info	Subchannel Connectivity change to READY
2020-08-18T16:21:05.099112Z	info	pickfirstBalancer: HandleSubConnStateChange: 0xc000d482f0, {READY <nil>}
2020-08-18T16:21:05.099124Z	info	Channel Connectivity change to READY
2020-08-18T16:50:13.651150Z	warning	envoy config	[bazel-out/k8-opt/bin/external/envoy/source/common/config/_virtual_includes/grpc_stream_lib/common/config/grpc_stream.h:92] StreamAggregatedResources gRPC config stream closed: 13, 
2020-08-18T16:50:44.335191Z	info	Subchannel Connectivity change to CONNECTING
2020-08-18T16:50:44.335295Z	info	transport: loopyWriter.run returning. connection error: desc = "transport is closing"
2020-08-18T16:50:44.335429Z	info	pickfirstBalancer: HandleSubConnStateChange: 0xc000d482f0, {CONNECTING <nil>}
2020-08-18T16:50:44.335455Z	info	Channel Connectivity change to CONNECTING
2020-08-18T16:50:44.335515Z	info	Subchannel picks a new address "istiod.istio-system.svc:15012" to connect
2020-08-18T16:50:44.350226Z	info	Subchannel Connectivity change to READY
2020-08-18T16:50:44.350273Z	info	pickfirstBalancer: HandleSubConnStateChange: 0xc000d482f0, {READY <nil>}
2020-08-18T16:50:44.350292Z	info	Channel Connectivity change to READY
2020-08-18T17:22:49.309784Z	info	Subchannel Connectivity change to CONNECTING
2020-08-18T17:22:49.309922Z	info	transport: loopyWriter.run returning. connection error: desc = "transport is closing"
2020-08-18T17:22:49.309975Z	info	pickfirstBalancer: HandleSubConnStateChange: 0xc000d482f0, {CONNECTING <nil>}
2020-08-18T17:22:49.310011Z	info	Channel Connectivity change to CONNECTING
2020-08-18T17:22:49.309979Z	info	Subchannel picks a new address "istiod.istio-system.svc:15012" to connect
2020-08-18T17:22:49.327161Z	info	Subchannel Connectivity change to READY
2020-08-18T17:22:49.327198Z	info	pickfirstBalancer: HandleSubConnStateChange: 0xc000d482f0, {READY <nil>}
2020-08-18T17:22:49.327213Z	info	Channel Connectivity change to READY
2020-08-18T17:22:57.034076Z	warning	envoy config	[bazel-out/k8-opt/bin/external/envoy/source/common/config/_virtual_includes/grpc_stream_lib/common/config/grpc_stream.h:92] StreamAggregatedResources gRPC config stream closed: 13, 
2020-08-18T17:52:41.429959Z	info	transport: loopyWriter.run returning. connection error: desc = "transport is closing"
2020-08-18T17:52:41.429853Z	info	Subchannel Connectivity change to CONNECTING
2020-08-18T17:52:41.430170Z	info	pickfirstBalancer: HandleSubConnStateChange: 0xc000d482f0, {CONNECTING <nil>}
2020-08-18T17:52:41.430205Z	info	Channel Connectivity change to CONNECTING
2020-08-18T17:52:41.430189Z	info	Subchannel picks a new address "istiod.istio-system.svc:15012" to connect
2020-08-18T17:52:41.443578Z	info	Subchannel Connectivity change to READY
2020-08-18T17:52:41.443697Z	info	pickfirstBalancer: HandleSubConnStateChange: 0xc000d482f0, {READY <nil>}
2020-08-18T17:52:41.443794Z	info	Channel Connectivity change to READY
2020-08-18T17:55:08.560827Z	warning	envoy config	[bazel-out/k8-opt/bin/external/envoy/source/common/config/_virtual_includes/grpc_stream_lib/common/config/grpc_stream.h:92] StreamAggregatedResources gRPC config stream closed: 13, 
2020-08-18T18:20:40.678807Z	info	Subchannel Connectivity change to CONNECTING
2020-08-18T18:20:40.679062Z	info	Subchannel picks a new address "istiod.istio-system.svc:15012" to connect
2020-08-18T18:20:40.679335Z	info	pickfirstBalancer: HandleSubConnStateChange: 0xc000d482f0, {CONNECTING <nil>}
2020-08-18T18:20:40.679565Z	info	Channel Connectivity change to CONNECTING
2020-08-18T18:20:40.679447Z	info	transport: loopyWriter.run returning. connection error: desc = "transport is closing"
2020-08-18T18:20:40.688067Z	info	Subchannel Connectivity change to READY
2020-08-18T18:20:40.688095Z	info	pickfirstBalancer: HandleSubConnStateChange: 0xc000d482f0, {READY <nil>}
2020-08-18T18:20:40.688106Z	info	Channel Connectivity change to READY
2020-08-18T18:24:29.800754Z	warning	envoy config	[bazel-out/k8-opt/bin/external/envoy/source/common/config/_virtual_includes/grpc_stream_lib/common/config/grpc_stream.h:92] StreamAggregatedResources gRPC config stream closed: 13, 
2020-08-18T18:48:52.047286Z	info	Subchannel Connectivity change to CONNECTING
2020-08-18T18:48:52.047392Z	info	transport: loopyWriter.run returning. connection error: desc = "transport is closing"
2020-08-18T18:48:52.047407Z	info	pickfirstBalancer: HandleSubConnStateChange: 0xc000d482f0, {CONNECTING <nil>}
2020-08-18T18:48:52.047439Z	info	Channel Connectivity change to CONNECTING
2020-08-18T18:48:52.047453Z	info	Subchannel picks a new address "istiod.istio-system.svc:15012" to connect
2020-08-18T18:48:52.060609Z	info	Subchannel Connectivity change to READY
2020-08-18T18:48:52.060645Z	info	pickfirstBalancer: HandleSubConnStateChange: 0xc000d482f0, {READY <nil>}
2020-08-18T18:48:52.060657Z	info	Channel Connectivity change to READY
2020-08-18T18:57:38.040730Z	warning	envoy config	[bazel-out/k8-opt/bin/external/envoy/source/common/config/_virtual_includes/grpc_stream_lib/common/config/grpc_stream.h:92] StreamAggregatedResources gRPC config stream closed: 13, 
2020-08-18T19:19:22.393728Z	info	Subchannel Connectivity change to CONNECTING
2020-08-18T19:19:22.394358Z	info	pickfirstBalancer: HandleSubConnStateChange: 0xc000d482f0, {CONNECTING <nil>}
2020-08-18T19:19:22.394451Z	info	Channel Connectivity change to CONNECTING
2020-08-18T19:19:22.394491Z	info	Subchannel picks a new address "istiod.istio-system.svc:15012" to connect
2020-08-18T19:19:22.393802Z	info	transport: loopyWriter.run returning. connection error: desc = "transport is closing"
2020-08-18T19:19:22.407327Z	info	Subchannel Connectivity change to READY
2020-08-18T19:19:22.407495Z	info	pickfirstBalancer: HandleSubConnStateChange: 0xc000d482f0, {READY <nil>}
2020-08-18T19:19:22.407575Z	info	Channel Connectivity change to READY
2020-08-18T19:26:17.319412Z	warning	envoy config	[bazel-out/k8-opt/bin/external/envoy/source/common/config/_virtual_includes/grpc_stream_lib/common/config/grpc_stream.h:92] StreamAggregatedResources gRPC config stream closed: 13, 
2020-08-18T19:48:17.596739Z	info	Subchannel Connectivity change to CONNECTING
2020-08-18T19:48:17.597193Z	info	Subchannel picks a new address "istiod.istio-system.svc:15012" to connect
2020-08-18T19:48:17.597445Z	info	transport: loopyWriter.run returning. connection error: desc = "transport is closing"
2020-08-18T19:48:17.597652Z	info	pickfirstBalancer: HandleSubConnStateChange: 0xc000d482f0, {CONNECTING <nil>}
2020-08-18T19:48:17.597682Z	info	Channel Connectivity change to CONNECTING
2020-08-18T19:48:17.612819Z	info	Subchannel Connectivity change to READY
2020-08-18T19:48:17.612853Z	info	pickfirstBalancer: HandleSubConnStateChange: 0xc000d482f0, {READY <nil>}
2020-08-18T19:48:17.612864Z	info	Channel Connectivity change to READY
2020-08-18T19:54:51.009906Z	warning	envoy config	[bazel-out/k8-opt/bin/external/envoy/source/common/config/_virtual_includes/grpc_stream_lib/common/config/grpc_stream.h:92] StreamAggregatedResources gRPC config stream closed: 13, 
2020-08-18T20:19:21.104670Z	info	Subchannel Connectivity change to CONNECTING
2020-08-18T20:19:21.104793Z	info	transport: loopyWriter.run returning. connection error: desc = "transport is closing"
2020-08-18T20:19:21.104875Z	info	pickfirstBalancer: HandleSubConnStateChange: 0xc000d482f0, {CONNECTING <nil>}
2020-08-18T20:19:21.104912Z	info	Channel Connectivity change to CONNECTING
2020-08-18T20:19:21.104867Z	info	Subchannel picks a new address "istiod.istio-system.svc:15012" to connect
2020-08-18T20:19:21.121171Z	info	Subchannel Connectivity change to READY
2020-08-18T20:19:21.121365Z	info	pickfirstBalancer: HandleSubConnStateChange: 0xc000d482f0, {READY <nil>}
2020-08-18T20:19:21.121393Z	info	Channel Connectivity change to READY
2020-08-18T20:23:05.392197Z	warning	envoy config	[bazel-out/k8-opt/bin/external/envoy/source/common/config/_virtual_includes/grpc_stream_lib/common/config/grpc_stream.h:92] StreamAggregatedResources gRPC config stream closed: 13, 
2020-08-18T20:50:25.157346Z	info	Subchannel Connectivity change to CONNECTING
2020-08-18T20:50:25.157761Z	info	pickfirstBalancer: HandleSubConnStateChange: 0xc000d482f0, {CONNECTING <nil>}
2020-08-18T20:50:25.157801Z	info	Channel Connectivity change to CONNECTING
2020-08-18T20:50:25.157770Z	info	Subchannel picks a new address "istiod.istio-system.svc:15012" to connect
2020-08-18T20:50:25.157514Z	info	transport: loopyWriter.run returning. connection error: desc = "transport is closing"
2020-08-18T20:50:25.166487Z	info	Subchannel Connectivity change to READY
2020-08-18T20:50:25.166559Z	info	pickfirstBalancer: HandleSubConnStateChange: 0xc000d482f0, {READY <nil>}
2020-08-18T20:50:25.166750Z	info	Channel Connectivity change to READY
2020-08-18T20:53:52.989667Z	warning	envoy config	[bazel-out/k8-opt/bin/external/envoy/source/common/config/_virtual_includes/grpc_stream_lib/common/config/grpc_stream.h:92] StreamAggregatedResources gRPC config stream closed: 13, 
2020-08-18T21:23:07.084700Z	info	Subchannel Connectivity change to CONNECTING
2020-08-18T21:23:07.084928Z	info	transport: loopyWriter.run returning. connection error: desc = "transport is closing"
2020-08-18T21:23:07.084955Z	info	pickfirstBalancer: HandleSubConnStateChange: 0xc000d482f0, {CONNECTING <nil>}
2020-08-18T21:23:07.084975Z	info	Subchannel picks a new address "istiod.istio-system.svc:15012" to connect
2020-08-18T21:23:07.085042Z	info	Channel Connectivity change to CONNECTING
2020-08-18T21:23:07.096975Z	info	Subchannel Connectivity change to READY
2020-08-18T21:23:07.097087Z	info	pickfirstBalancer: HandleSubConnStateChange: 0xc000d482f0, {READY <nil>}
2020-08-18T21:23:07.097112Z	info	Channel Connectivity change to READY
2020-08-18T21:23:33.034824Z	warning	envoy config	[bazel-out/k8-opt/bin/external/envoy/source/common/config/_virtual_includes/grpc_stream_lib/common/config/grpc_stream.h:92] StreamAggregatedResources gRPC config stream closed: 13, 
2020-08-18T21:53:12.147477Z	info	Subchannel Connectivity change to CONNECTING
2020-08-18T21:53:12.147679Z	info	transport: loopyWriter.run returning. connection error: desc = "transport is closing"
2020-08-18T21:53:12.147956Z	info	Subchannel picks a new address "istiod.istio-system.svc:15012" to connect
2020-08-18T21:53:12.148444Z	info	pickfirstBalancer: HandleSubConnStateChange: 0xc000d482f0, {CONNECTING <nil>}
2020-08-18T21:53:12.148504Z	info	Channel Connectivity change to CONNECTING
2020-08-18T21:53:12.161803Z	info	Subchannel Connectivity change to READY
2020-08-18T21:53:12.161834Z	info	pickfirstBalancer: HandleSubConnStateChange: 0xc000d482f0, {READY <nil>}
2020-08-18T21:53:12.161846Z	info	Channel Connectivity change to READY
2020-08-18T21:54:29.757914Z	warning	envoy config	[bazel-out/k8-opt/bin/external/envoy/source/common/config/_virtual_includes/grpc_stream_lib/common/config/grpc_stream.h:92] StreamAggregatedResources gRPC config stream closed: 13, 
2020-08-18T22:23:28.497627Z	warning	envoy config	[bazel-out/k8-opt/bin/external/envoy/source/common/config/_virtual_includes/grpc_stream_lib/common/config/grpc_stream.h:92] StreamAggregatedResources gRPC config stream closed: 13, 
2020-08-18T22:25:48.752714Z	info	Subchannel Connectivity change to CONNECTING
2020-08-18T22:25:48.753408Z	info	transport: loopyWriter.run returning. connection error: desc = "transport is closing"
2020-08-18T22:25:48.753421Z	info	Subchannel picks a new address "istiod.istio-system.svc:15012" to connect
2020-08-18T22:25:48.753784Z	info	pickfirstBalancer: HandleSubConnStateChange: 0xc000d482f0, {CONNECTING <nil>}
2020-08-18T22:25:48.753839Z	info	Channel Connectivity change to CONNECTING
2020-08-18T22:25:48.774226Z	info	Subchannel Connectivity change to READY
2020-08-18T22:25:48.774570Z	info	pickfirstBalancer: HandleSubConnStateChange: 0xc000d482f0, {READY <nil>}
2020-08-18T22:25:48.774675Z	info	Channel Connectivity change to READY
2020-08-18T22:54:34.601644Z	warning	envoy config	[bazel-out/k8-opt/bin/external/envoy/source/common/config/_virtual_includes/grpc_stream_lib/common/config/grpc_stream.h:92] StreamAggregatedResources gRPC config stream closed: 13, 
2020-08-18T22:55:41.067978Z	info	Subchannel Connectivity change to CONNECTING
2020-08-18T22:55:41.068076Z	info	transport: loopyWriter.run returning. connection error: desc = "transport is closing"
2020-08-18T22:55:41.068207Z	info	pickfirstBalancer: HandleSubConnStateChange: 0xc000d482f0, {CONNECTING <nil>}
2020-08-18T22:55:41.068232Z	info	Channel Connectivity change to CONNECTING
2020-08-18T22:55:41.068177Z	info	Subchannel picks a new address "istiod.istio-system.svc:15012" to connect
2020-08-18T22:55:41.077928Z	info	Subchannel Connectivity change to READY
2020-08-18T22:55:41.077963Z	info	pickfirstBalancer: HandleSubConnStateChange: 0xc000d482f0, {READY <nil>}
2020-08-18T22:55:41.077987Z	info	Channel Connectivity change to READY
2020-08-18T23:22:52.275923Z	info	Subchannel Connectivity change to CONNECTING
2020-08-18T23:22:52.275996Z	info	transport: loopyWriter.run returning. connection error: desc = "transport is closing"
2020-08-18T23:22:52.276030Z	info	pickfirstBalancer: HandleSubConnStateChange: 0xc000d482f0, {CONNECTING <nil>}
2020-08-18T23:22:52.276080Z	info	Channel Connectivity change to CONNECTING
2020-08-18T23:22:52.276047Z	info	Subchannel picks a new address "istiod.istio-system.svc:15012" to connect
2020-08-18T23:22:52.285242Z	info	Subchannel Connectivity change to READY
2020-08-18T23:22:52.285439Z	info	pickfirstBalancer: HandleSubConnStateChange: 0xc000d482f0, {READY <nil>}
2020-08-18T23:22:52.285464Z	info	Channel Connectivity change to READY
2020-08-18T23:25:03.780464Z	warning	envoy config	[bazel-out/k8-opt/bin/external/envoy/source/common/config/_virtual_includes/grpc_stream_lib/common/config/grpc_stream.h:92] StreamAggregatedResources gRPC config stream closed: 13, 
2020-08-18T23:50:31.931284Z	info	transport: loopyWriter.run returning. connection error: desc = "transport is closing"
2020-08-18T23:50:31.931110Z	info	Subchannel Connectivity change to CONNECTING
2020-08-18T23:50:31.931784Z	info	pickfirstBalancer: HandleSubConnStateChange: 0xc000d482f0, {CONNECTING <nil>}
2020-08-18T23:50:31.931813Z	info	Channel Connectivity change to CONNECTING
2020-08-18T23:50:31.931838Z	info	Subchannel picks a new address "istiod.istio-system.svc:15012" to connect
2020-08-18T23:50:31.945413Z	info	Subchannel Connectivity change to READY
2020-08-18T23:50:31.945448Z	info	pickfirstBalancer: HandleSubConnStateChange: 0xc000d482f0, {READY <nil>}
2020-08-18T23:50:31.945462Z	info	Channel Connectivity change to READY
2020-08-18T23:53:13.098956Z	warning	envoy config	[bazel-out/k8-opt/bin/external/envoy/source/common/config/_virtual_includes/grpc_stream_lib/common/config/grpc_stream.h:92] StreamAggregatedResources gRPC config stream closed: 13, 
2020-08-19T00:19:17.392608Z	info	Subchannel Connectivity change to CONNECTING
2020-08-19T00:19:17.392752Z	info	transport: loopyWriter.run returning. connection error: desc = "transport is closing"
2020-08-19T00:19:17.392940Z	info	pickfirstBalancer: HandleSubConnStateChange: 0xc000d482f0, {CONNECTING <nil>}
2020-08-19T00:19:17.392974Z	info	Channel Connectivity change to CONNECTING
2020-08-19T00:19:17.392920Z	info	Subchannel picks a new address "istiod.istio-system.svc:15012" to connect
2020-08-19T00:19:17.404651Z	info	Subchannel Connectivity change to READY
2020-08-19T00:19:17.404721Z	info	pickfirstBalancer: HandleSubConnStateChange: 0xc000d482f0, {READY <nil>}
2020-08-19T00:19:17.404734Z	info	Channel Connectivity change to READY
2020-08-19T00:26:03.900249Z	warning	envoy config	[bazel-out/k8-opt/bin/external/envoy/source/common/config/_virtual_includes/grpc_stream_lib/common/config/grpc_stream.h:92] StreamAggregatedResources gRPC config stream closed: 13, 
2020-08-19T00:47:59.596178Z	info	Subchannel Connectivity change to CONNECTING
2020-08-19T00:47:59.596324Z	info	transport: loopyWriter.run returning. connection error: desc = "transport is closing"
2020-08-19T00:47:59.597005Z	info	Subchannel picks a new address "istiod.istio-system.svc:15012" to connect
2020-08-19T00:47:59.597044Z	info	pickfirstBalancer: HandleSubConnStateChange: 0xc000d482f0, {CONNECTING <nil>}
2020-08-19T00:47:59.597305Z	info	Channel Connectivity change to CONNECTING
2020-08-19T00:47:59.611237Z	info	Subchannel Connectivity change to READY
2020-08-19T00:47:59.611278Z	info	pickfirstBalancer: HandleSubConnStateChange: 0xc000d482f0, {READY <nil>}
2020-08-19T00:47:59.611292Z	info	Channel Connectivity change to READY
2020-08-19T00:54:26.612374Z	info	sds	resource:default pushed key/cert pair to proxy
2020-08-19T00:54:26.612432Z	info	sds	Dynamic push for secret default
2020-08-19T00:56:23.721693Z	warning	envoy config	[bazel-out/k8-opt/bin/external/envoy/source/common/config/_virtual_includes/grpc_stream_lib/common/config/grpc_stream.h:92] StreamAggregatedResources gRPC config stream closed: 13, 
2020-08-19T01:20:09.323391Z	info	Subchannel Connectivity change to CONNECTING
2020-08-19T01:20:09.323511Z	info	transport: loopyWriter.run returning. connection error: desc = "transport is closing"
2020-08-19T01:20:09.324148Z	info	pickfirstBalancer: HandleSubConnStateChange: 0xc000d482f0, {CONNECTING <nil>}
2020-08-19T01:20:09.324177Z	info	Channel Connectivity change to CONNECTING
2020-08-19T01:20:09.324098Z	info	Subchannel picks a new address "istiod.istio-system.svc:15012" to connect
2020-08-19T01:20:09.342111Z	info	Subchannel Connectivity change to READY
2020-08-19T01:20:09.342491Z	info	pickfirstBalancer: HandleSubConnStateChange: 0xc000d482f0, {READY <nil>}
2020-08-19T01:20:09.342574Z	info	Channel Connectivity change to READY
2020-08-19T01:28:13.734686Z	warning	envoy config	[bazel-out/k8-opt/bin/external/envoy/source/common/config/_virtual_includes/grpc_stream_lib/common/config/grpc_stream.h:92] StreamAggregatedResources gRPC config stream closed: 13, 
2020-08-19T01:50:45.490812Z	info	Subchannel Connectivity change to CONNECTING
2020-08-19T01:50:45.490923Z	info	transport: loopyWriter.run returning. connection error: desc = "transport is closing"
2020-08-19T01:50:45.491015Z	info	pickfirstBalancer: HandleSubConnStateChange: 0xc000d482f0, {CONNECTING <nil>}
2020-08-19T01:50:45.491031Z	info	Channel Connectivity change to CONNECTING
2020-08-19T01:50:45.491074Z	info	Subchannel picks a new address "istiod.istio-system.svc:15012" to connect
2020-08-19T01:50:45.500589Z	info	Subchannel Connectivity change to READY
2020-08-19T01:50:45.500637Z	info	pickfirstBalancer: HandleSubConnStateChange: 0xc000d482f0, {READY <nil>}
2020-08-19T01:50:45.500650Z	info	Channel Connectivity change to READY
2020-08-19T01:58:09.960868Z	warning	envoy config	[bazel-out/k8-opt/bin/external/envoy/source/common/config/_virtual_includes/grpc_stream_lib/common/config/grpc_stream.h:92] StreamAggregatedResources gRPC config stream closed: 13, 
2020-08-19T02:22:30.737327Z	info	Subchannel Connectivity change to CONNECTING
2020-08-19T02:22:30.737495Z	info	transport: loopyWriter.run returning. connection error: desc = "transport is closing"
2020-08-19T02:22:30.738003Z	info	pickfirstBalancer: HandleSubConnStateChange: 0xc000d482f0, {CONNECTING <nil>}
2020-08-19T02:22:30.738052Z	info	Channel Connectivity change to CONNECTING
2020-08-19T02:22:30.737630Z	info	Subchannel picks a new address "istiod.istio-system.svc:15012" to connect
2020-08-19T02:22:30.749179Z	info	Subchannel Connectivity change to READY
2020-08-19T02:22:30.749212Z	info	pickfirstBalancer: HandleSubConnStateChange: 0xc000d482f0, {READY <nil>}
2020-08-19T02:22:30.749224Z	info	Channel Connectivity change to READY
2020-08-19T02:25:43.393894Z	warning	envoy config	[bazel-out/k8-opt/bin/external/envoy/source/common/config/_virtual_includes/grpc_stream_lib/common/config/grpc_stream.h:92] StreamAggregatedResources gRPC config stream closed: 13, 
2020-08-19T02:50:31.212293Z	info	Subchannel Connectivity change to CONNECTING
2020-08-19T02:50:31.212936Z	info	transport: loopyWriter.run returning. connection error: desc = "transport is closing"
2020-08-19T02:50:31.213305Z	info	pickfirstBalancer: HandleSubConnStateChange: 0xc000d482f0, {CONNECTING <nil>}
2020-08-19T02:50:31.213343Z	info	Channel Connectivity change to CONNECTING
2020-08-19T02:50:31.213517Z	info	Subchannel picks a new address "istiod.istio-system.svc:15012" to connect
2020-08-19T02:50:31.232415Z	info	Subchannel Connectivity change to READY
2020-08-19T02:50:31.232458Z	info	pickfirstBalancer: HandleSubConnStateChange: 0xc000d482f0, {READY <nil>}
2020-08-19T02:50:31.232471Z	info	Channel Connectivity change to READY
2020-08-19T02:55:29.444962Z	warning	envoy config	[bazel-out/k8-opt/bin/external/envoy/source/common/config/_virtual_includes/grpc_stream_lib/common/config/grpc_stream.h:92] StreamAggregatedResources gRPC config stream closed: 13, 
2020-08-19T03:23:29.565601Z	info	Subchannel Connectivity change to CONNECTING
2020-08-19T03:23:29.565706Z	info	transport: loopyWriter.run returning. connection error: desc = "transport is closing"
2020-08-19T03:23:29.565760Z	info	pickfirstBalancer: HandleSubConnStateChange: 0xc000d482f0, {CONNECTING <nil>}
2020-08-19T03:23:29.565788Z	info	Channel Connectivity change to CONNECTING
2020-08-19T03:23:29.565772Z	info	Subchannel picks a new address "istiod.istio-system.svc:15012" to connect
2020-08-19T03:23:29.579082Z	info	Subchannel Connectivity change to READY
2020-08-19T03:23:29.579116Z	info	pickfirstBalancer: HandleSubConnStateChange: 0xc000d482f0, {READY <nil>}
2020-08-19T03:23:29.579167Z	info	Channel Connectivity change to READY
2020-08-19T03:28:37.344372Z	warning	envoy config	[bazel-out/k8-opt/bin/external/envoy/source/common/config/_virtual_includes/grpc_stream_lib/common/config/grpc_stream.h:92] StreamAggregatedResources gRPC config stream closed: 13, 
2020-08-19T03:52:26.947375Z	info	Subchannel Connectivity change to CONNECTING
2020-08-19T03:52:26.947486Z	info	transport: loopyWriter.run returning. connection error: desc = "transport is closing"
2020-08-19T03:52:26.947797Z	info	pickfirstBalancer: HandleSubConnStateChange: 0xc000d482f0, {CONNECTING <nil>}
2020-08-19T03:52:26.947841Z	info	Channel Connectivity change to CONNECTING
2020-08-19T03:52:26.947873Z	info	Subchannel picks a new address "istiod.istio-system.svc:15012" to connect
2020-08-19T03:52:26.961617Z	info	Subchannel Connectivity change to READY
2020-08-19T03:52:26.961676Z	info	pickfirstBalancer: HandleSubConnStateChange: 0xc000d482f0, {READY <nil>}
2020-08-19T03:52:26.961691Z	info	Channel Connectivity change to READY
2020-08-19T03:58:57.948604Z	warning	envoy config	[bazel-out/k8-opt/bin/external/envoy/source/common/config/_virtual_includes/grpc_stream_lib/common/config/grpc_stream.h:92] StreamAggregatedResources gRPC config stream closed: 13, 
2020-08-19T04:24:07.535418Z	info	Subchannel Connectivity change to CONNECTING
2020-08-19T04:24:07.535504Z	info	transport: loopyWriter.run returning. connection error: desc = "transport is closing"
2020-08-19T04:24:07.535851Z	info	pickfirstBalancer: HandleSubConnStateChange: 0xc000d482f0, {CONNECTING <nil>}
2020-08-19T04:24:07.535893Z	info	Channel Connectivity change to CONNECTING
2020-08-19T04:24:07.535734Z	info	Subchannel picks a new address "istiod.istio-system.svc:15012" to connect
2020-08-19T04:24:07.549855Z	info	Subchannel Connectivity change to READY
2020-08-19T04:24:07.549901Z	info	pickfirstBalancer: HandleSubConnStateChange: 0xc000d482f0, {READY <nil>}
2020-08-19T04:24:07.549920Z	info	Channel Connectivity change to READY
2020-08-19T04:27:30.101182Z	warning	envoy config	[bazel-out/k8-opt/bin/external/envoy/source/common/config/_virtual_includes/grpc_stream_lib/common/config/grpc_stream.h:92] StreamAggregatedResources gRPC config stream closed: 13, 
2020-08-19T04:54:55.067798Z	info	Subchannel Connectivity change to CONNECTING
2020-08-19T04:54:55.068104Z	info	pickfirstBalancer: HandleSubConnStateChange: 0xc000d482f0, {CONNECTING <nil>}
2020-08-19T04:54:55.068089Z	info	Subchannel picks a new address "istiod.istio-system.svc:15012" to connect
2020-08-19T04:54:55.068297Z	info	Channel Connectivity change to CONNECTING
2020-08-19T04:54:55.068541Z	info	transport: loopyWriter.run returning. connection error: desc = "transport is closing"
2020-08-19T04:54:55.078511Z	info	Subchannel Connectivity change to READY
2020-08-19T04:54:55.078585Z	info	pickfirstBalancer: HandleSubConnStateChange: 0xc000d482f0, {READY <nil>}
2020-08-19T04:54:55.078598Z	info	Channel Connectivity change to READY
2020-08-19T05:00:05.701059Z	warning	envoy config	[bazel-out/k8-opt/bin/external/envoy/source/common/config/_virtual_includes/grpc_stream_lib/common/config/grpc_stream.h:92] StreamAggregatedResources gRPC config stream closed: 13, 
2020-08-19T05:22:33.704887Z	info	Subchannel Connectivity change to CONNECTING
2020-08-19T05:22:33.704997Z	info	transport: loopyWriter.run returning. connection error: desc = "transport is closing"
2020-08-19T05:22:33.705574Z	info	Subchannel picks a new address "istiod.istio-system.svc:15012" to connect
2020-08-19T05:22:33.706037Z	info	pickfirstBalancer: HandleSubConnStateChange: 0xc000d482f0, {CONNECTING <nil>}
2020-08-19T05:22:33.706110Z	info	Channel Connectivity change to CONNECTING
2020-08-19T05:22:33.724557Z	info	Subchannel Connectivity change to READY
2020-08-19T05:22:33.724614Z	info	pickfirstBalancer: HandleSubConnStateChange: 0xc000d482f0, {READY <nil>}
2020-08-19T05:22:33.724635Z	info	Channel Connectivity change to READY
2020-08-19T05:28:27.407656Z	warning	envoy config	[bazel-out/k8-opt/bin/external/envoy/source/common/config/_virtual_includes/grpc_stream_lib/common/config/grpc_stream.h:92] StreamAggregatedResources gRPC config stream closed: 13, 
2020-08-19T05:54:03.222460Z	info	Subchannel Connectivity change to CONNECTING
2020-08-19T05:54:03.222566Z	info	transport: loopyWriter.run returning. connection error: desc = "transport is closing"
2020-08-19T05:54:03.222743Z	info	Subchannel picks a new address "istiod.istio-system.svc:15012" to connect
2020-08-19T05:54:03.223022Z	info	pickfirstBalancer: HandleSubConnStateChange: 0xc000d482f0, {CONNECTING <nil>}
2020-08-19T05:54:03.223063Z	info	Channel Connectivity change to CONNECTING
2020-08-19T05:54:03.233445Z	info	Subchannel Connectivity change to READY
2020-08-19T05:54:03.233630Z	info	pickfirstBalancer: HandleSubConnStateChange: 0xc000d482f0, {READY <nil>}
2020-08-19T05:54:03.233654Z	info	Channel Connectivity change to READY
2020-08-19T05:55:38.488349Z	warning	envoy config	[bazel-out/k8-opt/bin/external/envoy/source/common/config/_virtual_includes/grpc_stream_lib/common/config/grpc_stream.h:92] StreamAggregatedResources gRPC config stream closed: 13, 
2020-08-19T06:26:24.131899Z	info	Subchannel Connectivity change to CONNECTING
2020-08-19T06:26:24.132049Z	info	transport: loopyWriter.run returning. connection error: desc = "transport is closing"
2020-08-19T06:26:24.132450Z	info	pickfirstBalancer: HandleSubConnStateChange: 0xc000d482f0, {CONNECTING <nil>}
2020-08-19T06:26:24.132494Z	info	Channel Connectivity change to CONNECTING
2020-08-19T06:26:24.132581Z	info	Subchannel picks a new address "istiod.istio-system.svc:15012" to connect
2020-08-19T06:26:24.144882Z	info	Subchannel Connectivity change to READY
2020-08-19T06:26:24.144920Z	info	pickfirstBalancer: HandleSubConnStateChange: 0xc000d482f0, {READY <nil>}
2020-08-19T06:26:24.144952Z	info	Channel Connectivity change to READY
2020-08-19T06:28:23.113085Z	warning	envoy config	[bazel-out/k8-opt/bin/external/envoy/source/common/config/_virtual_includes/grpc_stream_lib/common/config/grpc_stream.h:92] StreamAggregatedResources gRPC config stream closed: 13, 
2020-08-19T06:56:15.974582Z	info	Subchannel Connectivity change to CONNECTING
2020-08-19T06:56:15.974684Z	info	transport: loopyWriter.run returning. connection error: desc = "transport is closing"
2020-08-19T06:56:15.974996Z	info	Subchannel picks a new address "istiod.istio-system.svc:15012" to connect
2020-08-19T06:56:15.975628Z	info	pickfirstBalancer: HandleSubConnStateChange: 0xc000d482f0, {CONNECTING <nil>}
2020-08-19T06:56:15.975668Z	info	Channel Connectivity change to CONNECTING
2020-08-19T06:56:15.983835Z	info	Subchannel Connectivity change to READY
2020-08-19T06:56:15.983865Z	info	pickfirstBalancer: HandleSubConnStateChange: 0xc000d482f0, {READY <nil>}
2020-08-19T06:56:15.983876Z	info	Channel Connectivity change to READY
2020-08-19T06:56:52.212058Z	warning	envoy config	[bazel-out/k8-opt/bin/external/envoy/source/common/config/_virtual_includes/grpc_stream_lib/common/config/grpc_stream.h:92] StreamAggregatedResources gRPC config stream closed: 13, 
2020-08-19T07:27:24.303831Z	warning	envoy config	[bazel-out/k8-opt/bin/external/envoy/source/common/config/_virtual_includes/grpc_stream_lib/common/config/grpc_stream.h:92] StreamAggregatedResources gRPC config stream closed: 13, 
2020-08-19T07:29:03.023775Z	info	Subchannel Connectivity change to CONNECTING
2020-08-19T07:29:03.023827Z	info	transport: loopyWriter.run returning. connection error: desc = "transport is closing"
2020-08-19T07:29:03.023912Z	info	pickfirstBalancer: HandleSubConnStateChange: 0xc000d482f0, {CONNECTING <nil>}
2020-08-19T07:29:03.023946Z	info	Channel Connectivity change to CONNECTING
2020-08-19T07:29:03.023975Z	info	Subchannel picks a new address "istiod.istio-system.svc:15012" to connect
2020-08-19T07:29:03.038568Z	info	Subchannel Connectivity change to READY
2020-08-19T07:29:03.038633Z	info	pickfirstBalancer: HandleSubConnStateChange: 0xc000d482f0, {READY <nil>}
2020-08-19T07:29:03.038654Z	info	Channel Connectivity change to READY
2020-08-19T07:55:35.145411Z	warning	envoy config	[bazel-out/k8-opt/bin/external/envoy/source/common/config/_virtual_includes/grpc_stream_lib/common/config/grpc_stream.h:92] StreamAggregatedResources gRPC config stream closed: 13, 
2020-08-19T07:56:05.170236Z	info	Subchannel Connectivity change to CONNECTING
2020-08-19T07:56:05.170533Z	info	Subchannel picks a new address "istiod.istio-system.svc:15012" to connect
2020-08-19T07:56:05.170618Z	info	pickfirstBalancer: HandleSubConnStateChange: 0xc000d482f0, {CONNECTING <nil>}
2020-08-19T07:56:05.170768Z	info	Channel Connectivity change to CONNECTING
2020-08-19T07:56:05.170886Z	info	transport: loopyWriter.run returning. connection error: desc = "transport is closing"
2020-08-19T07:56:05.181427Z	info	Subchannel Connectivity change to READY
2020-08-19T07:56:05.181602Z	info	pickfirstBalancer: HandleSubConnStateChange: 0xc000d482f0, {READY <nil>}
2020-08-19T07:56:05.181626Z	info	Channel Connectivity change to READY
2020-08-19T08:23:01.741543Z	warning	envoy config	[bazel-out/k8-opt/bin/external/envoy/source/common/config/_virtual_includes/grpc_stream_lib/common/config/grpc_stream.h:92] StreamAggregatedResources gRPC config stream closed: 13, 
2020-08-19T08:24:29.829348Z	info	Subchannel Connectivity change to CONNECTING
2020-08-19T08:24:29.829518Z	info	transport: loopyWriter.run returning. connection error: desc = "transport is closing"
2020-08-19T08:24:29.829784Z	info	pickfirstBalancer: HandleSubConnStateChange: 0xc000d482f0, {CONNECTING <nil>}
2020-08-19T08:24:29.829804Z	info	Channel Connectivity change to CONNECTING
2020-08-19T08:24:29.829763Z	info	Subchannel picks a new address "istiod.istio-system.svc:15012" to connect
2020-08-19T08:24:29.839541Z	info	Subchannel Connectivity change to READY
2020-08-19T08:24:29.839586Z	info	pickfirstBalancer: HandleSubConnStateChange: 0xc000d482f0, {READY <nil>}
2020-08-19T08:24:29.839598Z	info	Channel Connectivity change to READY
2020-08-19T08:54:37.131048Z	warning	envoy config	[bazel-out/k8-opt/bin/external/envoy/source/common/config/_virtual_includes/grpc_stream_lib/common/config/grpc_stream.h:92] StreamAggregatedResources gRPC config stream closed: 13, 
2020-08-19T08:56:19.059947Z	info	Subchannel Connectivity change to CONNECTING
2020-08-19T08:56:19.060342Z	info	pickfirstBalancer: HandleSubConnStateChange: 0xc000d482f0, {CONNECTING <nil>}
2020-08-19T08:56:19.060931Z	info	Channel Connectivity change to CONNECTING
2020-08-19T08:56:19.061242Z	info	Subchannel picks a new address "istiod.istio-system.svc:15012" to connect
2020-08-19T08:56:19.061518Z	info	transport: loopyWriter.run returning. connection error: desc = "transport is closing"
2020-08-19T08:56:19.074911Z	info	Subchannel Connectivity change to READY
2020-08-19T08:56:19.074973Z	info	pickfirstBalancer: HandleSubConnStateChange: 0xc000d482f0, {READY <nil>}
2020-08-19T08:56:19.074994Z	info	Channel Connectivity change to READY
2020-08-19T09:22:06.304400Z	warning	envoy config	[bazel-out/k8-opt/bin/external/envoy/source/common/config/_virtual_includes/grpc_stream_lib/common/config/grpc_stream.h:92] StreamAggregatedResources gRPC config stream closed: 13, 
2020-08-19T09:26:54.788568Z	info	Subchannel Connectivity change to CONNECTING
2020-08-19T09:26:54.788654Z	info	transport: loopyWriter.run returning. connection error: desc = "transport is closing"
2020-08-19T09:26:54.788680Z	info	pickfirstBalancer: HandleSubConnStateChange: 0xc000d482f0, {CONNECTING <nil>}
2020-08-19T09:26:54.788718Z	info	Channel Connectivity change to CONNECTING
2020-08-19T09:26:54.788724Z	info	Subchannel picks a new address "istiod.istio-system.svc:15012" to connect
2020-08-19T09:26:54.800837Z	info	Subchannel Connectivity change to READY
2020-08-19T09:26:54.801216Z	info	pickfirstBalancer: HandleSubConnStateChange: 0xc000d482f0, {READY <nil>}
2020-08-19T09:26:54.801336Z	info	Channel Connectivity change to READY
2020-08-19T09:51:34.713125Z	warning	envoy config	[bazel-out/k8-opt/bin/external/envoy/source/common/config/_virtual_includes/grpc_stream_lib/common/config/grpc_stream.h:92] StreamAggregatedResources gRPC config stream closed: 13, 
2020-08-19T09:54:10.625761Z	info	Subchannel Connectivity change to CONNECTING
2020-08-19T09:54:10.626036Z	info	transport: loopyWriter.run returning. connection error: desc = "transport is closing"
2020-08-19T09:54:10.626036Z	info	pickfirstBalancer: HandleSubConnStateChange: 0xc000d482f0, {CONNECTING <nil>}
2020-08-19T09:54:10.626259Z	info	Channel Connectivity change to CONNECTING
2020-08-19T09:54:10.626091Z	info	Subchannel picks a new address "istiod.istio-system.svc:15012" to connect
2020-08-19T09:54:10.636112Z	info	Subchannel Connectivity change to READY
2020-08-19T09:54:10.636141Z	info	pickfirstBalancer: HandleSubConnStateChange: 0xc000d482f0, {READY <nil>}
2020-08-19T09:54:10.636152Z	info	Channel Connectivity change to READY
2020-08-19T10:20:29.706315Z	warning	envoy config	[bazel-out/k8-opt/bin/external/envoy/source/common/config/_virtual_includes/grpc_stream_lib/common/config/grpc_stream.h:92] StreamAggregatedResources gRPC config stream closed: 13, 
2020-08-19T10:21:35.805477Z	info	Subchannel Connectivity change to CONNECTING
2020-08-19T10:21:35.805616Z	info	transport: loopyWriter.run returning. connection error: desc = "transport is closing"
2020-08-19T10:21:35.805695Z	info	pickfirstBalancer: HandleSubConnStateChange: 0xc000d482f0, {CONNECTING <nil>}
2020-08-19T10:21:35.805757Z	info	Channel Connectivity change to CONNECTING
2020-08-19T10:21:35.805742Z	info	Subchannel picks a new address "istiod.istio-system.svc:15012" to connect
2020-08-19T10:21:35.820945Z	info	Subchannel Connectivity change to READY
2020-08-19T10:21:35.821037Z	info	pickfirstBalancer: HandleSubConnStateChange: 0xc000d482f0, {READY <nil>}
2020-08-19T10:21:35.821063Z	info	Channel Connectivity change to READY
2020-08-19T10:48:30.723011Z	warning	envoy config	[bazel-out/k8-opt/bin/external/envoy/source/common/config/_virtual_includes/grpc_stream_lib/common/config/grpc_stream.h:92] StreamAggregatedResources gRPC config stream closed: 13, 
2020-08-19T10:49:32.770957Z	info	Subchannel Connectivity change to CONNECTING
2020-08-19T10:49:32.771127Z	info	transport: loopyWriter.run returning. connection error: desc = "transport is closing"
2020-08-19T10:49:32.771461Z	info	Subchannel picks a new address "istiod.istio-system.svc:15012" to connect
2020-08-19T10:49:32.771465Z	info	pickfirstBalancer: HandleSubConnStateChange: 0xc000d482f0, {CONNECTING <nil>}
2020-08-19T10:49:32.771544Z	info	Channel Connectivity change to CONNECTING
2020-08-19T10:49:32.786372Z	info	Subchannel Connectivity change to READY
2020-08-19T10:49:32.786628Z	info	pickfirstBalancer: HandleSubConnStateChange: 0xc000d482f0, {READY <nil>}
2020-08-19T10:49:32.786754Z	info	Channel Connectivity change to READY
2020-08-19T11:17:20.326849Z	info	Subchannel Connectivity change to CONNECTING
2020-08-19T11:17:20.326941Z	info	transport: loopyWriter.run returning. connection error: desc = "transport is closing"
2020-08-19T11:17:20.327007Z	info	pickfirstBalancer: HandleSubConnStateChange: 0xc000d482f0, {CONNECTING <nil>}
2020-08-19T11:17:20.327041Z	info	Channel Connectivity change to CONNECTING
2020-08-19T11:17:20.327018Z	info	Subchannel picks a new address "istiod.istio-system.svc:15012" to connect
2020-08-19T11:17:20.336726Z	info	Subchannel Connectivity change to READY
2020-08-19T11:17:20.336913Z	info	pickfirstBalancer: HandleSubConnStateChange: 0xc000d482f0, {READY <nil>}
2020-08-19T11:17:20.337123Z	info	Channel Connectivity change to READY
2020-08-19T11:21:15.593966Z	warning	envoy config	[bazel-out/k8-opt/bin/external/envoy/source/common/config/_virtual_includes/grpc_stream_lib/common/config/grpc_stream.h:92] StreamAggregatedResources gRPC config stream closed: 13, 
2020-08-19T11:46:43.631830Z	info	Subchannel Connectivity change to CONNECTING
2020-08-19T11:46:43.632197Z	info	transport: loopyWriter.run returning. connection error: desc = "transport is closing"
2020-08-19T11:46:43.632184Z	info	Subchannel picks a new address "istiod.istio-system.svc:15012" to connect
2020-08-19T11:46:43.632254Z	info	pickfirstBalancer: HandleSubConnStateChange: 0xc000d482f0, {CONNECTING <nil>}
2020-08-19T11:46:43.632308Z	info	Channel Connectivity change to CONNECTING
2020-08-19T11:46:43.644826Z	info	Subchannel Connectivity change to READY
2020-08-19T11:46:43.644923Z	info	pickfirstBalancer: HandleSubConnStateChange: 0xc000d482f0, {READY <nil>}
2020-08-19T11:46:43.644975Z	info	Channel Connectivity change to READY
2020-08-19T11:52:59.784422Z	warning	envoy config	[bazel-out/k8-opt/bin/external/envoy/source/common/config/_virtual_includes/grpc_stream_lib/common/config/grpc_stream.h:92] StreamAggregatedResources gRPC config stream closed: 13, 
2020-08-19T12:15:10.437737Z	info	Subchannel Connectivity change to CONNECTING
2020-08-19T12:15:10.437936Z	info	transport: loopyWriter.run returning. connection error: desc = "transport is closing"
2020-08-19T12:15:10.438028Z	info	Subchannel picks a new address "istiod.istio-system.svc:15012" to connect
2020-08-19T12:15:10.438015Z	info	pickfirstBalancer: HandleSubConnStateChange: 0xc000d482f0, {CONNECTING <nil>}
2020-08-19T12:15:10.438502Z	info	Channel Connectivity change to CONNECTING
2020-08-19T12:15:10.453395Z	info	Subchannel Connectivity change to READY
2020-08-19T12:15:10.453460Z	info	pickfirstBalancer: HandleSubConnStateChange: 0xc000d482f0, {READY <nil>}
2020-08-19T12:15:10.453480Z	info	Channel Connectivity change to READY
2020-08-19T12:20:26.056876Z	warning	envoy config	[bazel-out/k8-opt/bin/external/envoy/source/common/config/_virtual_includes/grpc_stream_lib/common/config/grpc_stream.h:92] StreamAggregatedResources gRPC config stream closed: 13, 
2020-08-19T12:42:49.026082Z	info	Subchannel Connectivity change to CONNECTING
2020-08-19T12:42:49.026294Z	info	transport: loopyWriter.run returning. connection error: desc = "transport is closing"
2020-08-19T12:42:49.026468Z	info	pickfirstBalancer: HandleSubConnStateChange: 0xc000d482f0, {CONNECTING <nil>}
2020-08-19T12:42:49.026550Z	info	Channel Connectivity change to CONNECTING
2020-08-19T12:42:49.026378Z	info	Subchannel picks a new address "istiod.istio-system.svc:15012" to connect
2020-08-19T12:42:49.042890Z	info	Subchannel Connectivity change to READY
2020-08-19T12:42:49.043221Z	info	pickfirstBalancer: HandleSubConnStateChange: 0xc000d482f0, {READY <nil>}
2020-08-19T12:42:49.043452Z	info	Channel Connectivity change to READY
2020-08-19T12:49:34.378122Z	warning	envoy config	[bazel-out/k8-opt/bin/external/envoy/source/common/config/_virtual_includes/grpc_stream_lib/common/config/grpc_stream.h:92] StreamAggregatedResources gRPC config stream closed: 13, 
2020-08-19T12:54:26.665872Z	info	sds	resource:default pushed key/cert pair to proxy
2020-08-19T12:54:26.666098Z	info	sds	Dynamic push for secret default
2020-08-19T13:14:34.762166Z	info	Subchannel Connectivity change to CONNECTING
2020-08-19T13:14:34.762289Z	info	transport: loopyWriter.run returning. connection error: desc = "transport is closing"
2020-08-19T13:14:34.762442Z	info	Subchannel picks a new address "istiod.istio-system.svc:15012" to connect
2020-08-19T13:14:34.762546Z	info	pickfirstBalancer: HandleSubConnStateChange: 0xc000d482f0, {CONNECTING <nil>}
2020-08-19T13:14:34.762955Z	info	Channel Connectivity change to CONNECTING
2020-08-19T13:14:34.780894Z	info	Subchannel Connectivity change to READY
2020-08-19T13:14:34.781033Z	info	pickfirstBalancer: HandleSubConnStateChange: 0xc000d482f0, {READY <nil>}
2020-08-19T13:14:34.781056Z	info	Channel Connectivity change to READY
2020-08-19T13:19:11.001232Z	warning	envoy config	[bazel-out/k8-opt/bin/external/envoy/source/common/config/_virtual_includes/grpc_stream_lib/common/config/grpc_stream.h:92] StreamAggregatedResources gRPC config stream closed: 13, 
2020-08-19T13:46:06.677396Z	info	Subchannel Connectivity change to CONNECTING
2020-08-19T13:46:06.677748Z	info	transport: loopyWriter.run returning. connection error: desc = "transport is closing"
2020-08-19T13:46:06.677718Z	info	Subchannel picks a new address "istiod.istio-system.svc:15012" to connect
2020-08-19T13:46:06.678229Z	info	pickfirstBalancer: HandleSubConnStateChange: 0xc000d482f0, {CONNECTING <nil>}
2020-08-19T13:46:06.678275Z	info	Channel Connectivity change to CONNECTING
2020-08-19T13:46:06.693394Z	info	Subchannel Connectivity change to READY
2020-08-19T13:46:06.693712Z	info	pickfirstBalancer: HandleSubConnStateChange: 0xc000d482f0, {READY <nil>}
2020-08-19T13:46:06.693960Z	info	Channel Connectivity change to READY
2020-08-19T13:51:16.030871Z	warning	envoy config	[bazel-out/k8-opt/bin/external/envoy/source/common/config/_virtual_includes/grpc_stream_lib/common/config/grpc_stream.h:92] StreamAggregatedResources gRPC config stream closed: 13, 
2020-08-19T14:17:06.246021Z	info	Subchannel Connectivity change to CONNECTING
2020-08-19T14:17:06.246356Z	info	transport: loopyWriter.run returning. connection error: desc = "transport is closing"
2020-08-19T14:17:06.246348Z	info	Subchannel picks a new address "istiod.istio-system.svc:15012" to connect
2020-08-19T14:17:06.246488Z	info	pickfirstBalancer: HandleSubConnStateChange: 0xc000d482f0, {CONNECTING <nil>}
2020-08-19T14:17:06.247139Z	info	Channel Connectivity change to CONNECTING
2020-08-19T14:17:06.260368Z	info	Subchannel Connectivity change to READY
2020-08-19T14:17:06.260487Z	info	pickfirstBalancer: HandleSubConnStateChange: 0xc000d482f0, {READY <nil>}
2020-08-19T14:17:06.260513Z	info	Channel Connectivity change to READY
2020-08-19T14:21:24.698905Z	warning	envoy config	[bazel-out/k8-opt/bin/external/envoy/source/common/config/_virtual_includes/grpc_stream_lib/common/config/grpc_stream.h:92] StreamAggregatedResources gRPC config stream closed: 13, 
2020-08-19T14:45:51.949556Z	info	Subchannel Connectivity change to CONNECTING
2020-08-19T14:45:51.949641Z	info	transport: loopyWriter.run returning. connection error: desc = "transport is closing"
2020-08-19T14:45:51.949731Z	info	pickfirstBalancer: HandleSubConnStateChange: 0xc000d482f0, {CONNECTING <nil>}
2020-08-19T14:45:51.949763Z	info	Channel Connectivity change to CONNECTING
2020-08-19T14:45:51.949806Z	info	Subchannel picks a new address "istiod.istio-system.svc:15012" to connect
2020-08-19T14:45:51.960094Z	info	Subchannel Connectivity change to READY
2020-08-19T14:45:51.960147Z	info	pickfirstBalancer: HandleSubConnStateChange: 0xc000d482f0, {READY <nil>}
2020-08-19T14:45:51.960160Z	info	Channel Connectivity change to READY
2020-08-19T14:53:24.186378Z	warning	envoy config	[bazel-out/k8-opt/bin/external/envoy/source/common/config/_virtual_includes/grpc_stream_lib/common/config/grpc_stream.h:92] StreamAggregatedResources gRPC config stream closed: 13, 
2020-08-19T15:14:58.253250Z	info	Subchannel Connectivity change to CONNECTING
2020-08-19T15:14:58.253372Z	info	transport: loopyWriter.run returning. connection error: desc = "transport is closing"
2020-08-19T15:14:58.253573Z	info	pickfirstBalancer: HandleSubConnStateChange: 0xc000d482f0, {CONNECTING <nil>}
2020-08-19T15:14:58.253606Z	info	Channel Connectivity change to CONNECTING
2020-08-19T15:14:58.253847Z	info	Subchannel picks a new address "istiod.istio-system.svc:15012" to connect
2020-08-19T15:14:58.266784Z	info	Subchannel Connectivity change to READY
2020-08-19T15:14:58.266809Z	info	pickfirstBalancer: HandleSubConnStateChange: 0xc000d482f0, {READY <nil>}
2020-08-19T15:14:58.266848Z	info	Channel Connectivity change to READY
2020-08-19T15:22:27.359305Z	warning	envoy config	[bazel-out/k8-opt/bin/external/envoy/source/common/config/_virtual_includes/grpc_stream_lib/common/config/grpc_stream.h:92] StreamAggregatedResources gRPC config stream closed: 13, 
2020-08-19T15:47:28.160485Z	info	Subchannel Connectivity change to CONNECTING
2020-08-19T15:47:28.160610Z	info	transport: loopyWriter.run returning. connection error: desc = "transport is closing"
2020-08-19T15:47:28.160694Z	info	pickfirstBalancer: HandleSubConnStateChange: 0xc000d482f0, {CONNECTING <nil>}
2020-08-19T15:47:28.160716Z	info	Channel Connectivity change to CONNECTING
2020-08-19T15:47:28.160749Z	info	Subchannel picks a new address "istiod.istio-system.svc:15012" to connect
2020-08-19T15:47:28.173439Z	info	Subchannel Connectivity change to READY
2020-08-19T15:47:28.173555Z	info	pickfirstBalancer: HandleSubConnStateChange: 0xc000d482f0, {READY <nil>}
2020-08-19T15:47:28.173720Z	info	Channel Connectivity change to READY
2020-08-19T15:55:18.005486Z	warning	envoy config	[bazel-out/k8-opt/bin/external/envoy/source/common/config/_virtual_includes/grpc_stream_lib/common/config/grpc_stream.h:92] StreamAggregatedResources gRPC config stream closed: 13, 
2020-08-19T16:16:09.665353Z	info	Subchannel Connectivity change to CONNECTING
2020-08-19T16:16:09.665975Z	info	Subchannel picks a new address "istiod.istio-system.svc:15012" to connect
2020-08-19T16:16:09.666779Z	info	pickfirstBalancer: HandleSubConnStateChange: 0xc000d482f0, {CONNECTING <nil>}
2020-08-19T16:16:09.667156Z	info	transport: loopyWriter.run returning. connection error: desc = "transport is closing"
2020-08-19T16:16:09.667173Z	info	Channel Connectivity change to CONNECTING
2020-08-19T16:16:09.683248Z	info	Subchannel Connectivity change to READY
2020-08-19T16:16:09.683309Z	info	pickfirstBalancer: HandleSubConnStateChange: 0xc000d482f0, {READY <nil>}
2020-08-19T16:16:09.683325Z	info	Channel Connectivity change to READY
2020-08-19T16:26:13.307291Z	warning	envoy config	[bazel-out/k8-opt/bin/external/envoy/source/common/config/_virtual_includes/grpc_stream_lib/common/config/grpc_stream.h:92] StreamAggregatedResources gRPC config stream closed: 13, 
2020-08-19T16:48:44.510760Z	info	Subchannel Connectivity change to CONNECTING
2020-08-19T16:48:44.511068Z	info	transport: loopyWriter.run returning. connection error: desc = "transport is closing"
2020-08-19T16:48:44.511105Z	info	pickfirstBalancer: HandleSubConnStateChange: 0xc000d482f0, {CONNECTING <nil>}
2020-08-19T16:48:44.511206Z	info	Channel Connectivity change to CONNECTING
2020-08-19T16:48:44.511179Z	info	Subchannel picks a new address "istiod.istio-system.svc:15012" to connect
2020-08-19T16:48:44.527050Z	info	Subchannel Connectivity change to READY
2020-08-19T16:48:44.527347Z	info	pickfirstBalancer: HandleSubConnStateChange: 0xc000d482f0, {READY <nil>}
2020-08-19T16:48:44.527471Z	info	Channel Connectivity change to READY
2020-08-19T16:58:47.173302Z	warning	envoy config	[bazel-out/k8-opt/bin/external/envoy/source/common/config/_virtual_includes/grpc_stream_lib/common/config/grpc_stream.h:92] StreamAggregatedResources gRPC config stream closed: 13, 
2020-08-19T17:16:17.810635Z	info	Subchannel Connectivity change to CONNECTING
2020-08-19T17:16:17.810811Z	info	transport: loopyWriter.run returning. connection error: desc = "transport is closing"
2020-08-19T17:16:17.810946Z	info	pickfirstBalancer: HandleSubConnStateChange: 0xc000d482f0, {CONNECTING <nil>}
2020-08-19T17:16:17.810964Z	info	Channel Connectivity change to CONNECTING
2020-08-19T17:16:17.810940Z	info	Subchannel picks a new address "istiod.istio-system.svc:15012" to connect
2020-08-19T17:16:17.824180Z	info	Subchannel Connectivity change to READY
2020-08-19T17:16:17.824254Z	info	pickfirstBalancer: HandleSubConnStateChange: 0xc000d482f0, {READY <nil>}
2020-08-19T17:16:17.824271Z	info	Channel Connectivity change to READY
2020-08-19T17:30:53.811069Z	warning	envoy config	[bazel-out/k8-opt/bin/external/envoy/source/common/config/_virtual_includes/grpc_stream_lib/common/config/grpc_stream.h:92] StreamAggregatedResources gRPC config stream closed: 13, 
2020-08-19T17:44:01.287075Z	info	Subchannel Connectivity change to CONNECTING
2020-08-19T17:44:01.287427Z	info	Subchannel picks a new address "istiod.istio-system.svc:15012" to connect
2020-08-19T17:44:01.287655Z	info	pickfirstBalancer: HandleSubConnStateChange: 0xc000d482f0, {CONNECTING <nil>}
2020-08-19T17:44:01.287720Z	info	Channel Connectivity change to CONNECTING
2020-08-19T17:44:01.287743Z	info	transport: loopyWriter.run returning. connection error: desc = "transport is closing"
2020-08-19T17:44:01.296307Z	info	Subchannel Connectivity change to READY
2020-08-19T17:44:01.296387Z	info	pickfirstBalancer: HandleSubConnStateChange: 0xc000d482f0, {READY <nil>}
2020-08-19T17:44:01.296403Z	info	Channel Connectivity change to READY
2020-08-19T18:02:40.442254Z	warning	envoy config	[bazel-out/k8-opt/bin/external/envoy/source/common/config/_virtual_includes/grpc_stream_lib/common/config/grpc_stream.h:92] StreamAggregatedResources gRPC config stream closed: 13, 
2020-08-19T18:11:06.991964Z	info	Subchannel Connectivity change to CONNECTING
2020-08-19T18:11:06.992356Z	info	pickfirstBalancer: HandleSubConnStateChange: 0xc000d482f0, {CONNECTING <nil>}
2020-08-19T18:11:06.992393Z	info	Channel Connectivity change to CONNECTING
2020-08-19T18:11:06.992037Z	info	transport: loopyWriter.run returning. connection error: desc = "transport is closing"
2020-08-19T18:11:06.992526Z	info	Subchannel picks a new address "istiod.istio-system.svc:15012" to connect
2020-08-19T18:11:07.002935Z	info	Subchannel Connectivity change to READY
2020-08-19T18:11:07.002965Z	info	pickfirstBalancer: HandleSubConnStateChange: 0xc000d482f0, {READY <nil>}
2020-08-19T18:11:07.002982Z	info	Channel Connectivity change to READY
2020-08-19T18:30:30.327986Z	warning	envoy config	[bazel-out/k8-opt/bin/external/envoy/source/common/config/_virtual_includes/grpc_stream_lib/common/config/grpc_stream.h:92] StreamAggregatedResources gRPC config stream closed: 13, 
2020-08-19T18:38:13.896333Z	info	Subchannel Connectivity change to CONNECTING
2020-08-19T18:38:13.896500Z	info	transport: loopyWriter.run returning. connection error: desc = "transport is closing"
2020-08-19T18:38:13.896915Z	info	pickfirstBalancer: HandleSubConnStateChange: 0xc000d482f0, {CONNECTING <nil>}
2020-08-19T18:38:13.896948Z	info	Channel Connectivity change to CONNECTING
2020-08-19T18:38:13.897032Z	info	Subchannel picks a new address "istiod.istio-system.svc:15012" to connect
2020-08-19T18:38:13.910789Z	info	Subchannel Connectivity change to READY
2020-08-19T18:38:13.910949Z	info	pickfirstBalancer: HandleSubConnStateChange: 0xc000d482f0, {READY <nil>}
2020-08-19T18:38:13.911080Z	info	Channel Connectivity change to READY
2020-08-19T19:00:51.875415Z	warning	envoy config	[bazel-out/k8-opt/bin/external/envoy/source/common/config/_virtual_includes/grpc_stream_lib/common/config/grpc_stream.h:92] StreamAggregatedResources gRPC config stream closed: 13, 
2020-08-19T19:10:27.508618Z	info	Subchannel Connectivity change to CONNECTING
2020-08-19T19:10:27.509327Z	info	transport: loopyWriter.run returning. connection error: desc = "transport is closing"
2020-08-19T19:10:27.509575Z	info	Subchannel picks a new address "istiod.istio-system.svc:15012" to connect
2020-08-19T19:10:27.509995Z	info	pickfirstBalancer: HandleSubConnStateChange: 0xc000d482f0, {CONNECTING <nil>}
2020-08-19T19:10:27.510051Z	info	Channel Connectivity change to CONNECTING
2020-08-19T19:10:27.530276Z	info	Subchannel Connectivity change to READY
2020-08-19T19:10:27.530342Z	info	pickfirstBalancer: HandleSubConnStateChange: 0xc000d482f0, {READY <nil>}
2020-08-19T19:10:27.530372Z	info	Channel Connectivity change to READY
2020-08-19T19:28:34.770541Z	warning	envoy config	[bazel-out/k8-opt/bin/external/envoy/source/common/config/_virtual_includes/grpc_stream_lib/common/config/grpc_stream.h:92] StreamAggregatedResources gRPC config stream closed: 13, 
2020-08-19T19:39:59.315560Z	info	transport: loopyWriter.run returning. connection error: desc = "transport is closing"
2020-08-19T19:39:59.315133Z	info	Subchannel Connectivity change to CONNECTING
2020-08-19T19:39:59.316686Z	info	Subchannel picks a new address "istiod.istio-system.svc:15012" to connect
2020-08-19T19:39:59.317402Z	info	pickfirstBalancer: HandleSubConnStateChange: 0xc000d482f0, {CONNECTING <nil>}
2020-08-19T19:39:59.317422Z	info	Channel Connectivity change to CONNECTING
2020-08-19T19:39:59.333132Z	info	Subchannel Connectivity change to READY
2020-08-19T19:39:59.333257Z	info	pickfirstBalancer: HandleSubConnStateChange: 0xc000d482f0, {READY <nil>}
2020-08-19T19:39:59.333323Z	info	Channel Connectivity change to READY
2020-08-19T19:56:47.265588Z	warning	envoy config	[bazel-out/k8-opt/bin/external/envoy/source/common/config/_virtual_includes/grpc_stream_lib/common/config/grpc_stream.h:92] StreamAggregatedResources gRPC config stream closed: 13, 
2020-08-19T20:07:07.553340Z	info	Subchannel Connectivity change to CONNECTING
2020-08-19T20:07:07.553697Z	info	pickfirstBalancer: HandleSubConnStateChange: 0xc000d482f0, {CONNECTING <nil>}
2020-08-19T20:07:07.553792Z	info	Channel Connectivity change to CONNECTING
2020-08-19T20:07:07.553864Z	info	Subchannel picks a new address "istiod.istio-system.svc:15012" to connect
2020-08-19T20:07:07.554797Z	info	transport: loopyWriter.run returning. connection error: desc = "transport is closing"
2020-08-19T20:07:07.569015Z	info	Subchannel Connectivity change to READY
2020-08-19T20:07:07.569054Z	info	pickfirstBalancer: HandleSubConnStateChange: 0xc000d482f0, {READY <nil>}
2020-08-19T20:07:07.569072Z	info	Channel Connectivity change to READY
2020-08-19T20:25:55.852109Z	warning	envoy config	[bazel-out/k8-opt/bin/external/envoy/source/common/config/_virtual_includes/grpc_stream_lib/common/config/grpc_stream.h:92] StreamAggregatedResources gRPC config stream closed: 13, 
2020-08-19T20:38:41.301132Z	info	Subchannel Connectivity change to CONNECTING
2020-08-19T20:38:41.301380Z	info	transport: loopyWriter.run returning. connection error: desc = "transport is closing"
2020-08-19T20:38:41.301384Z	info	pickfirstBalancer: HandleSubConnStateChange: 0xc000d482f0, {CONNECTING <nil>}
2020-08-19T20:38:41.301452Z	info	Subchannel picks a new address "istiod.istio-system.svc:15012" to connect
2020-08-19T20:38:41.302245Z	info	Channel Connectivity change to CONNECTING
2020-08-19T20:38:41.311276Z	info	Subchannel Connectivity change to READY
2020-08-19T20:38:41.311337Z	info	pickfirstBalancer: HandleSubConnStateChange: 0xc000d482f0, {READY <nil>}
2020-08-19T20:38:41.311351Z	info	Channel Connectivity change to READY
2020-08-19T20:53:35.493875Z	warning	envoy config	[bazel-out/k8-opt/bin/external/envoy/source/common/config/_virtual_includes/grpc_stream_lib/common/config/grpc_stream.h:92] StreamAggregatedResources gRPC config stream closed: 13, 
2020-08-19T21:07:58.355538Z	info	Subchannel Connectivity change to CONNECTING
2020-08-19T21:07:58.355695Z	info	transport: loopyWriter.run returning. connection error: desc = "transport is closing"
2020-08-19T21:07:58.355919Z	info	pickfirstBalancer: HandleSubConnStateChange: 0xc000d482f0, {CONNECTING <nil>}
2020-08-19T21:07:58.356007Z	info	Channel Connectivity change to CONNECTING
2020-08-19T21:07:58.355858Z	info	Subchannel picks a new address "istiod.istio-system.svc:15012" to connect
2020-08-19T21:07:58.373943Z	info	Subchannel Connectivity change to READY
2020-08-19T21:07:58.374021Z	info	pickfirstBalancer: HandleSubConnStateChange: 0xc000d482f0, {READY <nil>}
2020-08-19T21:07:58.374040Z	info	Channel Connectivity change to READY
2020-08-19T21:26:43.793203Z	warning	envoy config	[bazel-out/k8-opt/bin/external/envoy/source/common/config/_virtual_includes/grpc_stream_lib/common/config/grpc_stream.h:92] StreamAggregatedResources gRPC config stream closed: 13, 
2020-08-19T21:38:21.634473Z	info	Subchannel Connectivity change to CONNECTING
2020-08-19T21:38:21.634582Z	info	transport: loopyWriter.run returning. connection error: desc = "transport is closing"
2020-08-19T21:38:21.635013Z	info	pickfirstBalancer: HandleSubConnStateChange: 0xc000d482f0, {CONNECTING <nil>}
2020-08-19T21:38:21.635042Z	info	Channel Connectivity change to CONNECTING
2020-08-19T21:38:21.635404Z	info	Subchannel picks a new address "istiod.istio-system.svc:15012" to connect
2020-08-19T21:38:21.651212Z	info	Subchannel Connectivity change to READY
2020-08-19T21:38:21.651422Z	info	pickfirstBalancer: HandleSubConnStateChange: 0xc000d482f0, {READY <nil>}
2020-08-19T21:38:21.651563Z	info	Channel Connectivity change to READY
2020-08-19T21:57:02.654822Z	warning	envoy config	[bazel-out/k8-opt/bin/external/envoy/source/common/config/_virtual_includes/grpc_stream_lib/common/config/grpc_stream.h:92] StreamAggregatedResources gRPC config stream closed: 13, 
2020-08-19T22:07:51.332025Z	info	Subchannel Connectivity change to CONNECTING
2020-08-19T22:07:51.332129Z	info	transport: loopyWriter.run returning. connection error: desc = "transport is closing"
2020-08-19T22:07:51.332327Z	info	pickfirstBalancer: HandleSubConnStateChange: 0xc000d482f0, {CONNECTING <nil>}
2020-08-19T22:07:51.332271Z	info	Subchannel picks a new address "istiod.istio-system.svc:15012" to connect
2020-08-19T22:07:51.332401Z	info	Channel Connectivity change to CONNECTING
2020-08-19T22:07:51.351932Z	info	Subchannel Connectivity change to READY
2020-08-19T22:07:51.351988Z	info	pickfirstBalancer: HandleSubConnStateChange: 0xc000d482f0, {READY <nil>}
2020-08-19T22:07:51.352009Z	info	Channel Connectivity change to READY
2020-08-19T22:25:02.376229Z	warning	envoy config	[bazel-out/k8-opt/bin/external/envoy/source/common/config/_virtual_includes/grpc_stream_lib/common/config/grpc_stream.h:92] StreamAggregatedResources gRPC config stream closed: 13, 
2020-08-19T22:37:40.846977Z	info	Subchannel Connectivity change to CONNECTING
2020-08-19T22:37:40.847144Z	info	transport: loopyWriter.run returning. connection error: desc = "transport is closing"
2020-08-19T22:37:40.847722Z	info	pickfirstBalancer: HandleSubConnStateChange: 0xc000d482f0, {CONNECTING <nil>}
2020-08-19T22:37:40.847765Z	info	Channel Connectivity change to CONNECTING
2020-08-19T22:37:40.847613Z	info	Subchannel picks a new address "istiod.istio-system.svc:15012" to connect
2020-08-19T22:37:40.862167Z	info	Subchannel Connectivity change to READY
2020-08-19T22:37:40.862270Z	info	pickfirstBalancer: HandleSubConnStateChange: 0xc000d482f0, {READY <nil>}
2020-08-19T22:37:40.862299Z	info	Channel Connectivity change to READY
2020-08-19T22:55:09.106808Z	warning	envoy config	[bazel-out/k8-opt/bin/external/envoy/source/common/config/_virtual_includes/grpc_stream_lib/common/config/grpc_stream.h:92] StreamAggregatedResources gRPC config stream closed: 13, 
2020-08-19T23:07:55.385732Z	info	Subchannel Connectivity change to CONNECTING
2020-08-19T23:07:55.386016Z	info	Subchannel picks a new address "istiod.istio-system.svc:15012" to connect
2020-08-19T23:07:55.386157Z	info	transport: loopyWriter.run returning. connection error: desc = "transport is closing"
2020-08-19T23:07:55.386229Z	info	pickfirstBalancer: HandleSubConnStateChange: 0xc000d482f0, {CONNECTING <nil>}
2020-08-19T23:07:55.386283Z	info	Channel Connectivity change to CONNECTING
2020-08-19T23:07:55.400926Z	info	Subchannel Connectivity change to READY
2020-08-19T23:07:55.400969Z	info	pickfirstBalancer: HandleSubConnStateChange: 0xc000d482f0, {READY <nil>}
2020-08-19T23:07:55.400983Z	info	Channel Connectivity change to READY
2020-08-19T23:25:23.241019Z	warning	envoy config	[bazel-out/k8-opt/bin/external/envoy/source/common/config/_virtual_includes/grpc_stream_lib/common/config/grpc_stream.h:92] StreamAggregatedResources gRPC config stream closed: 13, 
2020-08-19T23:38:20.887596Z	info	Subchannel Connectivity change to CONNECTING
2020-08-19T23:38:20.887722Z	info	transport: loopyWriter.run returning. connection error: desc = "transport is closing"
2020-08-19T23:38:20.887779Z	info	pickfirstBalancer: HandleSubConnStateChange: 0xc000d482f0, {CONNECTING <nil>}
2020-08-19T23:38:20.887799Z	info	Subchannel picks a new address "istiod.istio-system.svc:15012" to connect
2020-08-19T23:38:20.887858Z	info	Channel Connectivity change to CONNECTING
2020-08-19T23:38:20.904384Z	info	Subchannel Connectivity change to READY
2020-08-19T23:38:20.904432Z	info	pickfirstBalancer: HandleSubConnStateChange: 0xc000d482f0, {READY <nil>}
2020-08-19T23:38:20.904451Z	info	Channel Connectivity change to READY
2020-08-19T23:53:41.383768Z	warning	envoy config	[bazel-out/k8-opt/bin/external/envoy/source/common/config/_virtual_includes/grpc_stream_lib/common/config/grpc_stream.h:92] StreamAggregatedResources gRPC config stream closed: 13, 
2020-08-20T00:10:27.605445Z	info	Subchannel Connectivity change to CONNECTING
2020-08-20T00:10:27.605575Z	info	transport: loopyWriter.run returning. connection error: desc = "transport is closing"
2020-08-20T00:10:27.605793Z	info	Subchannel picks a new address "istiod.istio-system.svc:15012" to connect
2020-08-20T00:10:27.605886Z	info	pickfirstBalancer: HandleSubConnStateChange: 0xc000d482f0, {CONNECTING <nil>}
2020-08-20T00:10:27.605918Z	info	Channel Connectivity change to CONNECTING
2020-08-20T00:10:27.621688Z	info	Subchannel Connectivity change to READY
2020-08-20T00:10:27.622139Z	info	pickfirstBalancer: HandleSubConnStateChange: 0xc000d482f0, {READY <nil>}
2020-08-20T00:10:27.622278Z	info	Channel Connectivity change to READY
2020-08-20T00:21:05.204756Z	warning	envoy config	[bazel-out/k8-opt/bin/external/envoy/source/common/config/_virtual_includes/grpc_stream_lib/common/config/grpc_stream.h:92] StreamAggregatedResources gRPC config stream closed: 13, 
2020-08-20T00:41:29.998569Z	info	Subchannel Connectivity change to CONNECTING
2020-08-20T00:41:29.998818Z	info	transport: loopyWriter.run returning. connection error: desc = "transport is closing"
2020-08-20T00:41:29.999232Z	info	Subchannel picks a new address "istiod.istio-system.svc:15012" to connect
2020-08-20T00:41:29.999778Z	info	pickfirstBalancer: HandleSubConnStateChange: 0xc000d482f0, {CONNECTING <nil>}
2020-08-20T00:41:29.999838Z	info	Channel Connectivity change to CONNECTING
2020-08-20T00:41:30.011601Z	info	Subchannel Connectivity change to READY
2020-08-20T00:41:30.011634Z	info	pickfirstBalancer: HandleSubConnStateChange: 0xc000d482f0, {READY <nil>}
2020-08-20T00:41:30.011654Z	info	Channel Connectivity change to READY
2020-08-20T00:48:29.924618Z	warning	envoy config	[bazel-out/k8-opt/bin/external/envoy/source/common/config/_virtual_includes/grpc_stream_lib/common/config/grpc_stream.h:92] StreamAggregatedResources gRPC config stream closed: 13, 
2020-08-20T00:54:26.929066Z	info	sds	resource:default pushed key/cert pair to proxy
2020-08-20T00:54:26.929109Z	info	sds	Dynamic push for secret default
2020-08-20T01:11:06.972383Z	info	Subchannel Connectivity change to CONNECTING
2020-08-20T01:11:06.972507Z	info	Subchannel picks a new address "istiod.istio-system.svc:15012" to connect
2020-08-20T01:11:06.972575Z	info	transport: loopyWriter.run returning. connection error: desc = "transport is closing"
2020-08-20T01:11:06.972582Z	info	pickfirstBalancer: HandleSubConnStateChange: 0xc000d482f0, {CONNECTING <nil>}
2020-08-20T01:11:06.973535Z	info	Channel Connectivity change to CONNECTING
2020-08-20T01:11:06.991282Z	info	Subchannel Connectivity change to READY
2020-08-20T01:11:06.991483Z	info	pickfirstBalancer: HandleSubConnStateChange: 0xc000d482f0, {READY <nil>}
2020-08-20T01:11:06.991696Z	info	Channel Connectivity change to READY
2020-08-20T01:18:15.705837Z	warning	envoy config	[bazel-out/k8-opt/bin/external/envoy/source/common/config/_virtual_includes/grpc_stream_lib/common/config/grpc_stream.h:92] StreamAggregatedResources gRPC config stream closed: 13, 
2020-08-20T01:22:00.963775Z	warning	envoy config	[bazel-out/k8-opt/bin/external/envoy/source/common/config/_virtual_includes/grpc_stream_lib/common/config/grpc_stream.h:92] StreamAggregatedResources gRPC config stream closed: 13, 
2020-08-20T01:38:14.258150Z	info	Subchannel Connectivity change to CONNECTING
2020-08-20T01:38:14.258475Z	info	transport: loopyWriter.run returning. connection error: desc = "transport is closing"
2020-08-20T01:38:14.258651Z	info	pickfirstBalancer: HandleSubConnStateChange: 0xc000d482f0, {CONNECTING <nil>}
2020-08-20T01:38:14.258501Z	info	Subchannel picks a new address "istiod.istio-system.svc:15012" to connect
2020-08-20T01:38:14.258730Z	info	Channel Connectivity change to CONNECTING
2020-08-20T01:38:14.272310Z	info	Subchannel Connectivity change to READY
2020-08-20T01:38:14.272366Z	info	pickfirstBalancer: HandleSubConnStateChange: 0xc000d482f0, {READY <nil>}
2020-08-20T01:38:14.272633Z	info	Channel Connectivity change to READY
2020-08-20T01:51:47.491898Z	warning	envoy config	[bazel-out/k8-opt/bin/external/envoy/source/common/config/_virtual_includes/grpc_stream_lib/common/config/grpc_stream.h:92] StreamAggregatedResources gRPC config stream closed: 13, 
2020-08-20T01:59:12.391198Z	warning	envoy config	[bazel-out/k8-opt/bin/external/envoy/source/common/config/_virtual_includes/grpc_stream_lib/common/config/grpc_stream.h:92] StreamAggregatedResources gRPC config stream closed: 13, 
2020-08-20T01:59:12.493227Z	warning	envoy config	[bazel-out/k8-opt/bin/external/envoy/source/common/config/_virtual_includes/grpc_stream_lib/common/config/grpc_stream.h:92] StreamAggregatedResources gRPC config stream closed: 14, upstream connect error or disconnect/reset before headers. reset reason: connection failure
2020-08-20T01:59:12.925016Z	warning	envoy config	[bazel-out/k8-opt/bin/external/envoy/source/common/config/_virtual_includes/grpc_stream_lib/common/config/grpc_stream.h:92] StreamAggregatedResources gRPC config stream closed: 14, upstream connect error or disconnect/reset before headers. reset reason: connection failure
2020-08-20T01:59:14.251883Z	warning	envoy config	[bazel-out/k8-opt/bin/external/envoy/source/common/config/_virtual_includes/grpc_stream_lib/common/config/grpc_stream.h:92] StreamAggregatedResources gRPC config stream closed: 14, upstream connect error or disconnect/reset before headers. reset reason: connection failure
2020-08-20T01:59:15.881248Z	warning	envoy config	[bazel-out/k8-opt/bin/external/envoy/source/common/config/_virtual_includes/grpc_stream_lib/common/config/grpc_stream.h:92] StreamAggregatedResources gRPC config stream closed: 14, upstream connect error or disconnect/reset before headers. reset reason: connection failure
2020-08-20T01:59:19.207053Z	warning	envoy config	[bazel-out/k8-opt/bin/external/envoy/source/common/config/_virtual_includes/grpc_stream_lib/common/config/grpc_stream.h:92] StreamAggregatedResources gRPC config stream closed: 14, upstream connect error or disconnect/reset before headers. reset reason: connection failure
2020-08-20T02:08:53.383036Z	info	Subchannel Connectivity change to CONNECTING
2020-08-20T02:08:53.383227Z	info	transport: loopyWriter.run returning. connection error: desc = "transport is closing"
2020-08-20T02:08:53.383241Z	info	pickfirstBalancer: HandleSubConnStateChange: 0xc000d482f0, {CONNECTING <nil>}
2020-08-20T02:08:53.383298Z	info	Channel Connectivity change to CONNECTING
2020-08-20T02:08:53.383300Z	info	Subchannel picks a new address "istiod.istio-system.svc:15012" to connect
2020-08-20T02:08:53.397322Z	info	Subchannel Connectivity change to READY
2020-08-20T02:08:53.397383Z	info	pickfirstBalancer: HandleSubConnStateChange: 0xc000d482f0, {READY <nil>}
2020-08-20T02:08:53.397404Z	info	Channel Connectivity change to READY
2020-08-20T02:27:35.150648Z	warning	envoy config	[bazel-out/k8-opt/bin/external/envoy/source/common/config/_virtual_includes/grpc_stream_lib/common/config/grpc_stream.h:92] StreamAggregatedResources gRPC config stream closed: 13, 
2020-08-20T02:36:15.359951Z	info	Subchannel Connectivity change to CONNECTING
2020-08-20T02:36:15.360126Z	info	transport: loopyWriter.run returning. connection error: desc = "transport is closing"
2020-08-20T02:36:15.360332Z	info	pickfirstBalancer: HandleSubConnStateChange: 0xc000d482f0, {CONNECTING <nil>}
2020-08-20T02:36:15.360374Z	info	Channel Connectivity change to CONNECTING
2020-08-20T02:36:15.360317Z	info	Subchannel picks a new address "istiod.istio-system.svc:15012" to connect
2020-08-20T02:36:15.374761Z	info	Subchannel Connectivity change to READY
2020-08-20T02:36:15.374992Z	info	pickfirstBalancer: HandleSubConnStateChange: 0xc000d482f0, {READY <nil>}
2020-08-20T02:36:15.375027Z	info	Channel Connectivity change to READY
2020-08-20T02:44:20.364000Z	warning	envoy config	[bazel-out/k8-opt/bin/external/envoy/source/common/config/_virtual_includes/grpc_stream_lib/common/config/grpc_stream.h:92] StreamAggregatedResources gRPC config stream closed: 13, 
2020-08-20T02:44:20.509638Z	warning	envoy config	[bazel-out/k8-opt/bin/external/envoy/source/common/config/_virtual_includes/grpc_stream_lib/common/config/grpc_stream.h:92] StreamAggregatedResources gRPC config stream closed: 14, upstream connect error or disconnect/reset before headers. reset reason: connection failure
2020-08-20T02:44:20.728273Z	warning	envoy config	[bazel-out/k8-opt/bin/external/envoy/source/common/config/_virtual_includes/grpc_stream_lib/common/config/grpc_stream.h:92] StreamAggregatedResources gRPC config stream closed: 14, upstream connect error or disconnect/reset before headers. reset reason: connection failure
2020-08-20T02:44:23.227776Z	warning	envoy config	[bazel-out/k8-opt/bin/external/envoy/source/common/config/_virtual_includes/grpc_stream_lib/common/config/grpc_stream.h:92] StreamAggregatedResources gRPC config stream closed: 14, upstream connect error or disconnect/reset before headers. reset reason: connection failure
2020-08-20T02:44:26.979338Z	warning	envoy config	[bazel-out/k8-opt/bin/external/envoy/source/common/config/_virtual_includes/grpc_stream_lib/common/config/grpc_stream.h:92] StreamAggregatedResources gRPC config stream closed: 14, upstream connect error or disconnect/reset before headers. reset reason: connection failure
2020-08-20T02:44:33.254353Z	warning	envoy config	[bazel-out/k8-opt/bin/external/envoy/source/common/config/_virtual_includes/grpc_stream_lib/common/config/grpc_stream.h:92] StreamAggregatedResources gRPC config stream closed: 14, upstream connect error or disconnect/reset before headers. reset reason: connection failure
2020-08-20T03:04:52.712729Z	info	Subchannel Connectivity change to CONNECTING
2020-08-20T03:04:52.712837Z	info	transport: loopyWriter.run returning. connection error: desc = "transport is closing"
2020-08-20T03:04:52.712862Z	info	pickfirstBalancer: HandleSubConnStateChange: 0xc000d482f0, {CONNECTING <nil>}
2020-08-20T03:04:52.712898Z	info	Channel Connectivity change to CONNECTING
2020-08-20T03:04:52.712901Z	info	Subchannel picks a new address "istiod.istio-system.svc:15012" to connect
2020-08-20T03:04:52.724077Z	info	Subchannel Connectivity change to READY
2020-08-20T03:04:52.724122Z	info	pickfirstBalancer: HandleSubConnStateChange: 0xc000d482f0, {READY <nil>}
2020-08-20T03:04:52.724133Z	info	Channel Connectivity change to READY
2020-08-20T03:15:26.220913Z	warning	envoy config	[bazel-out/k8-opt/bin/external/envoy/source/common/config/_virtual_includes/grpc_stream_lib/common/config/grpc_stream.h:92] StreamAggregatedResources gRPC config stream closed: 13, 
2020-08-20T03:24:41.811649Z	warning	envoy config	[bazel-out/k8-opt/bin/external/envoy/source/common/config/_virtual_includes/grpc_stream_lib/common/config/grpc_stream.h:92] StreamAggregatedResources gRPC config stream closed: 13, 
2020-08-20T03:24:42.169927Z	warning	envoy config	[bazel-out/k8-opt/bin/external/envoy/source/common/config/_virtual_includes/grpc_stream_lib/common/config/grpc_stream.h:92] StreamAggregatedResources gRPC config stream closed: 14, upstream connect error or disconnect/reset before headers. reset reason: connection failure
2020-08-20T03:24:43.035881Z	warning	envoy config	[bazel-out/k8-opt/bin/external/envoy/source/common/config/_virtual_includes/grpc_stream_lib/common/config/grpc_stream.h:92] StreamAggregatedResources gRPC config stream closed: 14, upstream connect error or disconnect/reset before headers. reset reason: connection failure
2020-08-20T03:24:45.516097Z	warning	envoy config	[bazel-out/k8-opt/bin/external/envoy/source/common/config/_virtual_includes/grpc_stream_lib/common/config/grpc_stream.h:92] StreamAggregatedResources gRPC config stream closed: 14, upstream connect error or disconnect/reset before headers. reset reason: connection failure
2020-08-20T03:24:49.261258Z	warning	envoy config	[bazel-out/k8-opt/bin/external/envoy/source/common/config/_virtual_includes/grpc_stream_lib/common/config/grpc_stream.h:92] StreamAggregatedResources gRPC config stream closed: 14, upstream connect error or disconnect/reset before headers. reset reason: connection failure
