2020-08-18T12:49:02.034842Z	info	FLAG: --appNamespace=""
2020-08-18T12:49:02.034886Z	info	FLAG: --caCertFile=""
2020-08-18T12:49:02.034894Z	info	FLAG: --clusterID="xremote"
2020-08-18T12:49:02.034900Z	info	FLAG: --clusterRegistriesNamespace="istio-system"
2020-08-18T12:49:02.034905Z	info	FLAG: --configDir=""
2020-08-18T12:49:02.034909Z	info	FLAG: --consulserverURL=""
2020-08-18T12:49:02.034929Z	info	FLAG: --ctrlz_address="localhost"
2020-08-18T12:49:02.034937Z	info	FLAG: --ctrlz_port="9876"
2020-08-18T12:49:02.034943Z	info	FLAG: --disable-install-crds="true"
2020-08-18T12:49:02.034948Z	info	FLAG: --domain="cluster.local"
2020-08-18T12:49:02.034971Z	info	FLAG: --grpcAddr=":15010"
2020-08-18T12:49:02.034976Z	info	FLAG: --help="false"
2020-08-18T12:49:02.034980Z	info	FLAG: --httpAddr=":8080"
2020-08-18T12:49:02.034985Z	info	FLAG: --httpsAddr=":15017"
2020-08-18T12:49:02.034991Z	info	FLAG: --keepaliveInterval="30s"
2020-08-18T12:49:02.034997Z	info	FLAG: --keepaliveMaxServerConnectionAge="30m0s"
2020-08-18T12:49:02.035002Z	info	FLAG: --keepaliveTimeout="10s"
2020-08-18T12:49:02.035006Z	info	FLAG: --kubeconfig=""
2020-08-18T12:49:02.035011Z	info	FLAG: --log_as_json="false"
2020-08-18T12:49:02.035015Z	info	FLAG: --log_caller=""
2020-08-18T12:49:02.035019Z	info	FLAG: --log_output_level="default:info"
2020-08-18T12:49:02.035025Z	info	FLAG: --log_rotate=""
2020-08-18T12:49:02.035031Z	info	FLAG: --log_rotate_max_age="30"
2020-08-18T12:49:02.035040Z	info	FLAG: --log_rotate_max_backups="1000"
2020-08-18T12:49:02.035045Z	info	FLAG: --log_rotate_max_size="104857600"
2020-08-18T12:49:02.035050Z	info	FLAG: --log_stacktrace_level="default:none"
2020-08-18T12:49:02.035058Z	info	FLAG: --log_target="[stdout]"
2020-08-18T12:49:02.035068Z	info	FLAG: --mcpInitialConnWindowSize="1048576"
2020-08-18T12:49:02.035073Z	info	FLAG: --mcpInitialWindowSize="1048576"
2020-08-18T12:49:02.035078Z	info	FLAG: --mcpMaxMsgSize="4194304"
2020-08-18T12:49:02.035083Z	info	FLAG: --meshConfig="/etc/istio/config/mesh"
2020-08-18T12:49:02.035088Z	info	FLAG: --monitoringAddr=":15014"
2020-08-18T12:49:02.035092Z	info	FLAG: --namespace="istio-system"
2020-08-18T12:49:02.035097Z	info	FLAG: --networksConfig="/etc/istio/config/meshNetworks"
2020-08-18T12:49:02.035110Z	info	FLAG: --plugins="[authn,authz,health,mixer]"
2020-08-18T12:49:02.035121Z	info	FLAG: --profile="true"
2020-08-18T12:49:02.035128Z	info	FLAG: --registries="[Kubernetes]"
2020-08-18T12:49:02.035136Z	info	FLAG: --resync="1m0s"
2020-08-18T12:49:02.035141Z	info	FLAG: --tlsCertFile=""
2020-08-18T12:49:02.035145Z	info	FLAG: --tlsKeyFile=""
2020-08-18T12:49:02.035150Z	info	FLAG: --trust-domain="cluster.local"
2020-08-18T12:49:02.040330Z	info	mesh configuration: {
    "disablePolicyChecks": true,
    "disableMixerHttpReports": true,
    "proxyListenPort": 15001,
    "connectTimeout": "10s",
    "protocolDetectionTimeout": "0.100s",
    "ingressClass": "istio",
    "ingressService": "istio-ingressgateway",
    "ingressControllerMode": "STRICT",
    "enableTracing": true,
    "defaultConfig": {
        "configPath": "./etc/istio/proxy",
        "binaryPath": "/usr/local/bin/envoy",
        "serviceCluster": "istio-proxy",
        "drainDuration": "45s",
        "parentShutdownDuration": "60s",
        "discoveryAddress": "istiod-remote.istio-system.svc:15012",
        "proxyAdminPort": 15000,
        "statNameLength": 189,
        "concurrency": 2,
        "tracing": {
            "zipkin": {
                "address": "zipkin.istio-system:9411"
            }
        },
        "envoyAccessLogService": {

        },
        "envoyMetricsService": {

        },
        "proxyMetadata": {
            "DNS_AGENT": ""
        },
        "statusPort": 15020
    },
    "outboundTrafficPolicy": {
        "mode": "ALLOW_ANY"
    },
    "sdsUdsPath": "unix:/etc/istio/proxy/SDS",
    "enableAutoMtls": true,
    "trustDomain": "cluster.local",
    "trustDomainAliases": [
    ],
    "defaultServiceExportTo": [
        "*"
    ],
    "defaultVirtualServiceExportTo": [
        "*"
    ],
    "defaultDestinationRuleExportTo": [
        "*"
    ],
    "rootNamespace": "istio-system",
    "localityLbSetting": {
        "enabled": true
    },
    "dnsRefreshRate": "5s",
    "reportBatchMaxEntries": 100,
    "reportBatchMaxTime": "1s",
    "certificates": [
    ],
    "thriftConfig": {

    },
    "serviceSettings": [
    ],
    "enablePrometheusMerge": false
}
2020-08-18T12:49:02.040359Z	info	version: 1.6.4-58f551e08f08addfd81783e1c2ed1eabeb836168-dirty-Modified
2020-08-18T12:49:02.041103Z	info	flags: 
2020-08-18T12:49:02.041295Z	info	mesh networks configuration: {
   "networks": {
   }
}
2020-08-18T12:49:02.041359Z	info	No certificates specified, skipping K8S DNS certificate controller
2020-08-18T12:49:02.042338Z	info	CRD controller watching namespaces ""
2020-08-18T12:49:02.115558Z	info	Ingress controller watching namespaces ""
2020-08-18T12:49:02.621836Z	warn	Config Store &{0xc000146c80 cluster.local 0xc0003b2580 0xc0009e26f0 0xc00006fc20 [] [] 0xc0004eab40} cannot track distribution in aggregate: this SetLedger operation is not supported by kube ingress controller
2020-08-18T12:49:02.621896Z	info	Adding Kubernetes registry adapter
2020-08-18T12:49:02.621912Z	info	Service controller watching namespace "" for services, endpoints, nodes and pods, refresh 1m0s
2020-08-18T12:49:02.622308Z	info	JWT policy is first-party-jwt
2020-08-18T12:49:02.622573Z	info	Use local CA certificate
2020-08-18T12:49:02.722415Z	info	Generating istiod-signed cert for [istiod.istio-system.svc istiod-remote.istio-system.svc istio-pilot.istio-system.svc]
2020-08-18T12:49:02.991398Z	info	Use plugged-in cert at etc/cacerts/ca-key.pem
2020-08-18T12:49:02.991497Z	info	DNS certificates created in ./var/run/secrets/istio-dns
2020-08-18T12:49:02.992099Z	info	Setting up HTTPS webhook server for istiod webhooks
2020-08-18T12:49:02.992358Z	info	validationServer	Cert and Key reloaded
2020-08-18T12:49:02.992495Z	info	validationServer	x509 cert [0] - Issuer: "CN=Istio CA,O=Istio,L=Sunnyvale,ST=California,C=US", Subject: "", SN: 60b608e18f40625e2db93310e9100403, NotBefore: "2020-08-18T12:49:02Z", NotAfter: "2030-08-16T12:49:02Z"

2020-08-18T12:49:02.992639Z	info	validationServer	x509 cert [1] - Issuer: "CN=Root CA,OU=Test,O=Istio,L=Sunnyvale,ST=California,C=US", Subject: "CN=Istio CA,O=Istio,L=Sunnyvale,ST=California,C=US", SN: e37589fac1676fc1, NotBefore: "2018-01-24T19:15:51Z", NotAfter: "2117-12-31T19:15:51Z"

2020-08-18T12:49:02.995130Z	info	Setting up event handlers
2020-08-18T12:49:02.997964Z	info	Staring Istiod Server with primary cluster xremote
2020-08-18T12:49:02.998189Z	info	Starting Secrets controller
2020-08-18T12:49:02.998220Z	info	Waiting for informer caches to sync
2020-08-18T12:49:02.998241Z	info	ControlZ available at 127.0.0.1:9876
2020-08-18T12:49:02.998283Z	info	status	Starting status follower controller
2020-08-18T12:49:02.998312Z	info	attempting to acquire leader lease  istio-system/istio-leader...
2020-08-18T12:49:02.999136Z	info	Starting Pilot K8S CRD controller
2020-08-18T12:49:02.999773Z	info	controller "rbac.istio.io/v1alpha1/ServiceRole" is syncing...
2020-08-18T12:49:03.171969Z	info	successfully acquired lease istio-system/istio-leader
2020-08-18T12:49:03.172086Z	info	Starting ingress controller
2020-08-18T12:49:03.227388Z	info	ads	Starting ADS server
2020-08-18T12:49:03.227546Z	info	attempting to acquire leader lease  istio-system/istio-validation-controller-election...
2020-08-18T12:49:03.227922Z	info	Started DNS-TLS[::]:15053
2020-08-18T12:49:03.228011Z	info	Started DNS :15053
2020-08-18T12:49:03.228135Z	info	serverca	added client certificate authenticator
2020-08-18T12:49:03.228147Z	info	serverca	added K8s JWT authenticator
2020-08-18T12:49:03.228652Z	info	Istiod CA has started
2020-08-18T12:49:03.228720Z	info	starting gRPC discovery service at [::]:15010
2020-08-18T12:49:03.228763Z	info	attempting to acquire leader lease  istio-system/istio-namespace-controller-election...
2020-08-18T12:49:03.318487Z	warn	Missing ingress, skip status updates
2020-08-18T12:49:03.328901Z	info	ads	Push debounce stable[1] 10: 101.321159ms since last change, 101.385516ms since last push, full=true
2020-08-18T12:49:03.351124Z	info	ads	XDS: Pushing:2020-08-18T12:49:03Z/0 Services:0 ConnectedEndpoints:0
2020-08-18T12:49:03.428847Z	info	All caches have been synced up, triggering a push
2020-08-18T12:49:03.428925Z	info	starting secure (DNS) gRPC discovery service at [::]:15012
2020-08-18T12:49:03.457074Z	info	starting Http service at [::]:8080
2020-08-18T12:49:03.457070Z	info	ads	XDS: Pushing:2020-08-18T12:49:03Z/1 Services:0 ConnectedEndpoints:0
2020-08-18T12:49:03.504143Z	info	ads	Full push, new service kube-dns.kube-system.svc.cluster.local
2020-08-18T12:49:03.504168Z	info	ads	Full push, service accounts changed, kube-dns.kube-system.svc.cluster.local
2020-08-18T12:49:03.504237Z	info	ads	Full push, new service kubernetes.default.svc.cluster.local
2020-08-18T12:49:03.504251Z	info	ads	Full push, service accounts changed, kubernetes.default.svc.cluster.local
2020-08-18T12:49:03.504332Z	info	Handle EDS endpoints: skip updating, service kube-controller-manager/kube-system has not been populated
2020-08-18T12:49:03.504353Z	info	Handle EDS endpoints: skip updating, service kube-scheduler/kube-system has not been populated
2020-08-18T12:49:03.604499Z	info	ads	Push debounce stable[2] 7: 100.128362ms since last change, 100.456078ms since last push, full=true
2020-08-18T12:49:03.604849Z	info	ads	XDS: Pushing:2020-08-18T12:49:03Z/2 Services:4 ConnectedEndpoints:0
2020-08-18T12:49:03.702824Z	info	successfully acquired lease istio-system/istio-validation-controller-election
2020-08-18T12:49:03.703028Z	info	Starting validation controller
2020-08-18T12:49:03.703127Z	info	validationController	Reconcile(enter): initial request to kickstart reconciliation
2020-08-18T12:49:03.703172Z	info	validationController	Endpoint istiod is not ready: resource not found
2020-08-18T12:49:03.703480Z	warn	validationController	validatingwebhookconfiguration.admissionregistration.k8s.io "istiod-istio-system" not found
2020-08-18T12:49:03.718820Z	info	successfully acquired lease istio-system/istio-namespace-controller-election
2020-08-18T12:49:03.718907Z	info	Starting namespace controller
2020-08-18T12:49:03.867636Z	info	validationController	Reconcile(enter): add event (v1, Kind=Endpoints) istio-system/istiod
2020-08-18T12:49:03.867706Z	info	validationController	Endpoint istiod is not ready: no subset addresses ready
2020-08-18T12:49:03.868299Z	warn	validationController	validatingwebhookconfiguration.admissionregistration.k8s.io "istiod-istio-system" not found
2020-08-18T12:49:03.920917Z	info	validationController	Reconcile(enter): add event (admissionregistration.k8s.io/v1beta1, Kind=ValidatingWebhookConfiguration) istiod-istio-system
2020-08-18T12:49:03.921002Z	info	validationController	Endpoint istiod is not ready: no subset addresses ready
2020-08-18T12:49:04.119109Z	info	Namespace controller started
2020-08-18T12:49:04.128432Z	info	ads	Full push, new service istiod.istio-system.svc.cluster.local
2020-08-18T12:49:04.128556Z	info	ads	Full push, service accounts changed, istiod.istio-system.svc.cluster.local
2020-08-18T12:49:04.223053Z	info	validationController	Successfully updated validatingwebhookconfiguration istiod-istio-system (failurePolicy=Ignore,resourceVersion=1504)
2020-08-18T12:49:04.223094Z	info	validationController	Reconcile(enter): update event (v1, Kind=Endpoints) istio-system/istiod
2020-08-18T12:49:04.223108Z	info	validationController	Endpoint istiod is not ready
2020-08-18T12:49:04.228833Z	info	ads	Push debounce stable[3] 1: 100.094279ms since last change, 100.09389ms since last push, full=true
2020-08-18T12:49:04.229443Z	info	ads	XDS: Pushing:2020-08-18T12:49:04Z/3 Services:4 ConnectedEndpoints:0
2020-08-18T12:49:04.235733Z	info	validationServer	configuration is invalid: gateway must have at least one server
2020-08-18T12:49:04.238438Z	info	validationController	Endpoint successfully rejected invalid config. Switching to fail-close.
2020-08-18T12:49:04.421182Z	info	validationController	Successfully updated validatingwebhookconfiguration istiod-istio-system (failurePolicy=Fail,resourceVersion=1505)
2020-08-18T12:49:04.421330Z	info	validationController	Reconcile(enter): update event (admissionregistration.k8s.io/v1beta1, Kind=ValidatingWebhookConfiguration) istiod-istio-system
2020-08-18T12:49:04.422423Z	info	validationController	validatingwebhookconfiguration istiod-istio-system (failurePolicy=Fail, resourceVersion=1505) is up-to-date. No change required.
2020-08-18T12:49:04.422527Z	info	validationController	Reconcile(enter): update event (admissionregistration.k8s.io/v1beta1, Kind=ValidatingWebhookConfiguration) istiod-istio-system
2020-08-18T12:49:04.423393Z	info	validationController	validatingwebhookconfiguration istiod-istio-system (failurePolicy=Fail, resourceVersion=1505) is up-to-date. No change required.
2020-08-18T12:49:05.790568Z	info	ads	Push debounce stable[4] 1: 100.201311ms since last change, 100.200987ms since last push, full=true
2020-08-18T12:49:05.792010Z	info	ads	XDS: Pushing:2020-08-18T12:49:05Z/4 Services:5 ConnectedEndpoints:0
2020-08-18T12:49:06.467655Z	info	ads	Push debounce stable[5] 2: 100.176339ms since last change, 116.433882ms since last push, full=true
2020-08-18T12:49:06.468245Z	info	ads	XDS: Pushing:2020-08-18T12:49:06Z/5 Services:6 ConnectedEndpoints:0
2020-08-18T12:49:13.227987Z	info	ads	Push Status: {}
2020-08-18T12:49:28.691278Z	info	ads	Full push, new service istio-ingressgateway.istio-system.svc.cluster.local
2020-08-18T12:49:28.691330Z	info	ads	Full push, service accounts changed, istio-ingressgateway.istio-system.svc.cluster.local
2020-08-18T12:49:28.791497Z	info	ads	Push debounce stable[6] 1: 100.118449ms since last change, 100.118166ms since last push, full=true
2020-08-18T12:49:28.791999Z	info	ads	XDS: Pushing:2020-08-18T12:49:28Z/6 Services:6 ConnectedEndpoints:0
2020-08-18T12:49:33.227844Z	info	ads	Push Status: {}
2020-08-18T12:49:44.555396Z	info	ads	Full push, new service prometheus.istio-system.svc.cluster.local
2020-08-18T12:49:44.555437Z	info	ads	Full push, service accounts changed, prometheus.istio-system.svc.cluster.local
2020-08-18T12:49:44.655763Z	info	ads	Push debounce stable[7] 1: 100.283231ms since last change, 100.282943ms since last push, full=true
2020-08-18T12:49:44.656196Z	info	ads	XDS: Pushing:2020-08-18T12:49:44Z/7 Services:6 ConnectedEndpoints:0
2020-08-18T12:49:53.227683Z	info	ads	Push Status: {}
2020-08-18T12:50:13.363198Z	info	ads	Push debounce stable[8] 1: 100.231516ms since last change, 100.231351ms since last push, full=true
2020-08-18T12:50:13.363771Z	info	ads	XDS: Pushing:2020-08-18T12:50:13Z/8 Services:6 ConnectedEndpoints:0
2020-08-18T12:50:23.227862Z	info	ads	Push Status: {}
2020-08-18T12:50:36.063980Z	info	ads	Push debounce stable[9] 1: 100.177371ms since last change, 100.176956ms since last push, full=true
2020-08-18T12:50:36.064658Z	info	ads	XDS: Pushing:2020-08-18T12:50:36Z/9 Services:7 ConnectedEndpoints:0
2020-08-18T12:50:36.320137Z	info	AdmissionReview for Kind=/v1, Kind=Pod Namespace=default Name= (helloworld-v2-7855866d4f-***** (actual name not yet known)) UID=80a91ca7-2eef-4e04-bae1-9025438e45bf Rfc6902PatchOperation=CREATE UserInfo={system:serviceaccount:kube-system:replicaset-controller b7f9c062-62cf-4ca7-a2ca-c58f9db38b79 [system:serviceaccounts system:serviceaccounts:kube-system system:authenticated] map[]}
2020-08-18T12:50:37.026316Z	info	ads	Push debounce stable[10] 1: 100.163628ms since last change, 100.163222ms since last push, full=true
2020-08-18T12:50:37.026947Z	info	ads	XDS: Pushing:2020-08-18T12:50:37Z/10 Services:8 ConnectedEndpoints:0
2020-08-18T12:50:37.108196Z	info	AdmissionReview for Kind=/v1, Kind=Pod Namespace=default Name= (sleep-8f795f47d-***** (actual name not yet known)) UID=caad9c23-ab0a-47df-86dd-72504d294a29 Rfc6902PatchOperation=CREATE UserInfo={system:serviceaccount:kube-system:replicaset-controller b7f9c062-62cf-4ca7-a2ca-c58f9db38b79 [system:serviceaccounts system:serviceaccounts:kube-system system:authenticated] map[]}
2020-08-18T12:50:43.227793Z	info	ads	Push Status: {}
2020-08-18T12:51:33.669100Z	info	ads	Full push, new service helloworld.default.svc.cluster.local
2020-08-18T12:51:33.669179Z	info	ads	Full push, service accounts changed, helloworld.default.svc.cluster.local
2020-08-18T12:51:33.769458Z	info	ads	Push debounce stable[11] 1: 100.20831ms since last change, 100.2077ms since last push, full=true
2020-08-18T12:51:33.770098Z	info	ads	XDS: Pushing:2020-08-18T12:51:33Z/11 Services:8 ConnectedEndpoints:0
2020-08-18T12:51:37.206984Z	info	ads	Full push, new service sleep.default.svc.cluster.local
2020-08-18T12:51:37.207024Z	info	ads	Full push, service accounts changed, sleep.default.svc.cluster.local
2020-08-18T12:51:37.307324Z	info	ads	Push debounce stable[12] 1: 100.214421ms since last change, 100.214148ms since last push, full=true
2020-08-18T12:51:37.307963Z	info	ads	XDS: Pushing:2020-08-18T12:51:37Z/12 Services:8 ConnectedEndpoints:0
2020-08-18T12:51:43.227858Z	info	ads	Push Status: {}
2020-08-18T13:19:32.961866Z	info	transport: loopyWriter.run returning. connection error: desc = "transport is closing"
2020-08-18T13:20:27.592790Z	info	transport: loopyWriter.run returning. connection error: desc = "transport is closing"
2020-08-18T13:22:20.438486Z	info	transport: loopyWriter.run returning. connection error: desc = "transport is closing"
2020-08-18T13:22:29.714100Z	info	transport: loopyWriter.run returning. connection error: desc = "transport is closing"
2020-08-18T13:47:14.565007Z	info	transport: loopyWriter.run returning. connection error: desc = "transport is closing"
2020-08-18T13:52:02.065719Z	info	transport: loopyWriter.run returning. connection error: desc = "transport is closing"
2020-08-18T13:53:05.978727Z	info	transport: loopyWriter.run returning. connection error: desc = "transport is closing"
2020-08-18T13:54:40.455738Z	info	transport: loopyWriter.run returning. connection error: desc = "transport is closing"
2020-08-18T14:18:05.608309Z	info	transport: loopyWriter.run returning. connection error: desc = "transport is closing"
2020-08-18T14:22:54.236245Z	info	transport: loopyWriter.run returning. connection error: desc = "transport is closing"
2020-08-18T14:24:16.692110Z	info	transport: loopyWriter.run returning. connection error: desc = "transport is closing"
2020-08-18T14:24:29.800403Z	info	transport: loopyWriter.run returning. connection error: desc = "transport is closing"
2020-08-18T14:45:48.778167Z	info	transport: loopyWriter.run returning. connection error: desc = "transport is closing"
2020-08-18T14:51:47.732437Z	info	transport: loopyWriter.run returning. connection error: desc = "transport is closing"
2020-08-18T14:53:15.053385Z	info	transport: loopyWriter.run returning. connection error: desc = "transport is closing"
2020-08-18T14:53:35.882426Z	info	transport: loopyWriter.run returning. connection error: desc = "transport is closing"
2020-08-18T15:17:21.648832Z	info	transport: loopyWriter.run returning. connection error: desc = "transport is closing"
2020-08-18T15:20:52.832344Z	info	transport: loopyWriter.run returning. connection error: desc = "transport is closing"
2020-08-18T15:21:45.586129Z	info	transport: loopyWriter.run returning. connection error: desc = "transport is closing"
2020-08-18T15:21:53.416453Z	info	transport: loopyWriter.run returning. connection error: desc = "transport is closing"
2020-08-18T15:48:54.594115Z	info	transport: loopyWriter.run returning. connection error: desc = "transport is closing"
2020-08-18T15:49:43.916064Z	info	transport: loopyWriter.run returning. connection error: desc = "transport is closing"
2020-08-18T15:51:31.750142Z	info	transport: loopyWriter.run returning. connection error: desc = "transport is closing"
2020-08-18T15:51:44.495124Z	info	transport: loopyWriter.run returning. connection error: desc = "transport is closing"
2020-08-18T16:16:38.125198Z	info	transport: loopyWriter.run returning. connection error: desc = "transport is closing"
2020-08-18T16:19:58.098199Z	info	transport: loopyWriter.run returning. connection error: desc = "transport is closing"
2020-08-18T16:20:47.838775Z	info	transport: loopyWriter.run returning. connection error: desc = "transport is closing"
2020-08-18T16:21:05.085861Z	info	transport: loopyWriter.run returning. connection error: desc = "transport is closing"
2020-08-18T16:48:42.023300Z	info	transport: loopyWriter.run returning. connection error: desc = "transport is closing"
2020-08-18T16:50:44.335855Z	info	transport: loopyWriter.run returning. connection error: desc = "transport is closing"
2020-08-18T16:52:46.248085Z	info	transport: loopyWriter.run returning. connection error: desc = "transport is closing"
2020-08-18T16:53:31.248778Z	info	transport: loopyWriter.run returning. connection error: desc = "transport is closing"
2020-08-18T17:17:23.768499Z	info	transport: loopyWriter.run returning. connection error: desc = "transport is closing"
2020-08-18T17:22:49.310280Z	info	transport: loopyWriter.run returning. connection error: desc = "transport is closing"
2020-08-18T17:23:34.740301Z	info	transport: loopyWriter.run returning. connection error: desc = "transport is closing"
2020-08-18T17:23:40.993499Z	info	transport: loopyWriter.run returning. connection error: desc = "transport is closing"
2020-08-18T17:46:00.555858Z	info	transport: loopyWriter.run returning. connection error: desc = "transport is closing"
2020-08-18T17:52:18.260596Z	info	transport: loopyWriter.run returning. connection error: desc = "transport is closing"
2020-08-18T17:52:41.430296Z	info	transport: loopyWriter.run returning. connection error: desc = "transport is closing"
2020-08-18T17:56:34.248794Z	info	transport: loopyWriter.run returning. connection error: desc = "transport is closing"
2020-08-18T18:14:50.827898Z	info	transport: loopyWriter.run returning. connection error: desc = "transport is closing"
2020-08-18T18:20:40.679273Z	info	transport: loopyWriter.run returning. connection error: desc = "transport is closing"
2020-08-18T18:22:39.788548Z	info	transport: loopyWriter.run returning. connection error: desc = "transport is closing"
2020-08-18T18:25:47.240887Z	info	transport: loopyWriter.run returning. connection error: desc = "transport is closing"
2020-08-18T18:47:31.640515Z	info	transport: loopyWriter.run returning. connection error: desc = "transport is closing"
2020-08-18T18:48:52.047587Z	info	transport: loopyWriter.run returning. connection error: desc = "transport is closing"
2020-08-18T18:54:13.850003Z	info	transport: loopyWriter.run returning. connection error: desc = "transport is closing"
2020-08-18T18:55:16.392690Z	info	transport: loopyWriter.run returning. connection error: desc = "transport is closing"
2020-08-18T19:15:23.642313Z	info	transport: loopyWriter.run returning. connection error: desc = "transport is closing"
2020-08-18T19:19:22.395146Z	info	transport: loopyWriter.run returning. connection error: desc = "transport is closing"
2020-08-18T19:23:48.095686Z	info	transport: loopyWriter.run returning. connection error: desc = "transport is closing"
2020-08-18T19:27:02.557739Z	info	transport: loopyWriter.run returning. connection error: desc = "transport is closing"
2020-08-18T19:46:02.643451Z	info	transport: loopyWriter.run returning. connection error: desc = "transport is closing"
2020-08-18T19:48:17.598190Z	info	transport: loopyWriter.run returning. connection error: desc = "transport is closing"
2020-08-18T19:54:52.665833Z	info	transport: loopyWriter.run returning. connection error: desc = "transport is closing"
2020-08-18T19:55:17.653982Z	info	transport: loopyWriter.run returning. connection error: desc = "transport is closing"
2020-08-18T20:17:06.551748Z	info	transport: loopyWriter.run returning. connection error: desc = "transport is closing"
2020-08-18T20:19:21.105288Z	info	transport: loopyWriter.run returning. connection error: desc = "transport is closing"
2020-08-18T20:22:46.286053Z	info	transport: loopyWriter.run returning. connection error: desc = "transport is closing"
2020-08-18T20:24:46.055986Z	info	transport: loopyWriter.run returning. connection error: desc = "transport is closing"
2020-08-18T20:45:03.827193Z	info	transport: loopyWriter.run returning. connection error: desc = "transport is closing"
2020-08-18T20:50:25.157991Z	info	transport: loopyWriter.run returning. connection error: desc = "transport is closing"
2020-08-18T20:51:24.557861Z	info	transport: loopyWriter.run returning. connection error: desc = "transport is closing"
2020-08-18T20:52:44.443493Z	info	transport: loopyWriter.run returning. connection error: desc = "transport is closing"
2020-08-18T21:16:02.808701Z	info	transport: loopyWriter.run returning. connection error: desc = "transport is closing"
2020-08-18T21:21:09.941782Z	info	transport: loopyWriter.run returning. connection error: desc = "transport is closing"
2020-08-18T21:23:07.085310Z	info	transport: loopyWriter.run returning. connection error: desc = "transport is closing"
2020-08-18T21:24:16.207974Z	info	transport: loopyWriter.run returning. connection error: desc = "transport is closing"
2020-08-18T21:45:46.808535Z	info	transport: loopyWriter.run returning. connection error: desc = "transport is closing"
2020-08-18T21:51:20.783908Z	info	transport: loopyWriter.run returning. connection error: desc = "transport is closing"
2020-08-18T21:53:12.148241Z	info	transport: loopyWriter.run returning. connection error: desc = "transport is closing"
2020-08-18T21:56:29.920170Z	info	transport: loopyWriter.run returning. connection error: desc = "transport is closing"
2020-08-18T22:16:33.425286Z	info	transport: loopyWriter.run returning. connection error: desc = "transport is closing"
2020-08-18T22:22:33.766231Z	info	transport: loopyWriter.run returning. connection error: desc = "transport is closing"
2020-08-18T22:25:48.753790Z	info	transport: loopyWriter.run returning. connection error: desc = "transport is closing"
2020-08-18T22:29:16.009305Z	info	transport: loopyWriter.run returning. connection error: desc = "transport is closing"
2020-08-18T22:45:35.882406Z	info	transport: loopyWriter.run returning. connection error: desc = "transport is closing"
2020-08-18T22:51:41.125366Z	info	transport: loopyWriter.run returning. connection error: desc = "transport is closing"
2020-08-18T22:55:41.068354Z	info	transport: loopyWriter.run returning. connection error: desc = "transport is closing"
2020-08-18T23:02:13.681649Z	info	transport: loopyWriter.run returning. connection error: desc = "transport is closing"
2020-08-18T23:13:09.138552Z	info	transport: loopyWriter.run returning. connection error: desc = "transport is closing"
2020-08-18T23:20:15.542607Z	info	transport: loopyWriter.run returning. connection error: desc = "transport is closing"
2020-08-18T23:22:52.276257Z	info	transport: loopyWriter.run returning. connection error: desc = "transport is closing"
2020-08-18T23:30:55.018019Z	info	transport: loopyWriter.run returning. connection error: desc = "transport is closing"
2020-08-18T23:40:47.183828Z	info	transport: loopyWriter.run returning. connection error: desc = "transport is closing"
2020-08-18T23:50:31.932217Z	info	transport: loopyWriter.run returning. connection error: desc = "transport is closing"
2020-08-18T23:52:41.592910Z	info	transport: loopyWriter.run returning. connection error: desc = "transport is closing"
2020-08-19T00:03:41.445263Z	info	transport: loopyWriter.run returning. connection error: desc = "transport is closing"
2020-08-19T00:13:35.023683Z	info	transport: loopyWriter.run returning. connection error: desc = "transport is closing"
2020-08-19T00:19:17.393066Z	info	transport: loopyWriter.run returning. connection error: desc = "transport is closing"
2020-08-19T00:20:59.375687Z	info	transport: loopyWriter.run returning. connection error: desc = "transport is closing"
2020-08-19T00:31:36.528835Z	info	transport: loopyWriter.run returning. connection error: desc = "transport is closing"
2020-08-19T00:45:00.324959Z	info	transport: loopyWriter.run returning. connection error: desc = "transport is closing"
2020-08-19T00:47:59.597017Z	info	transport: loopyWriter.run returning. connection error: desc = "transport is closing"
2020-08-19T00:50:34.009952Z	info	transport: loopyWriter.run returning. connection error: desc = "transport is closing"
2020-08-19T01:03:46.694020Z	info	transport: loopyWriter.run returning. connection error: desc = "transport is closing"
2020-08-19T01:17:45.520354Z	info	transport: loopyWriter.run returning. connection error: desc = "transport is closing"
2020-08-19T01:18:06.827267Z	info	transport: loopyWriter.run returning. connection error: desc = "transport is closing"
2020-08-19T01:20:09.324320Z	info	transport: loopyWriter.run returning. connection error: desc = "transport is closing"
2020-08-19T01:21:04.788757Z	info	AdmissionReview for Kind=/v1, Kind=Pod Namespace=default Name= (helloworld-v1-5b75657f75-***** (actual name not yet known)) UID=e2d6f403-7ba2-4746-a2a1-784660b30f32 Rfc6902PatchOperation=CREATE UserInfo={system:serviceaccount:kube-system:replicaset-controller b7f9c062-62cf-4ca7-a2ca-c58f9db38b79 [system:serviceaccounts system:serviceaccounts:kube-system system:authenticated] map[]}
2020-08-19T01:21:20.157822Z	info	Handle EDS endpoints: skip updating, service helloworld/default has not been populated
2020-08-19T01:21:20.243100Z	info	ads	Push debounce stable[13] 1: 100.209042ms since last change, 100.208759ms since last push, full=true
2020-08-19T01:21:20.243743Z	info	ads	XDS: Pushing:2020-08-19T01:21:20Z/13 Services:7 ConnectedEndpoints:0
2020-08-19T01:21:20.406150Z	info	Handle EDS endpoints: skip updating, service sleep/default has not been populated
2020-08-19T01:21:20.498155Z	info	ads	Push debounce stable[14] 1: 100.190048ms since last change, 100.189751ms since last push, full=true
2020-08-19T01:21:20.498556Z	info	ads	XDS: Pushing:2020-08-19T01:21:20Z/14 Services:6 ConnectedEndpoints:0
2020-08-19T01:21:23.227749Z	info	ads	Push Status: {}
2020-08-19T01:21:25.911662Z	info	transport: loopyWriter.run returning. connection error: desc = "transport is closing"
2020-08-19T01:21:38.252149Z	info	ads	Push debounce stable[15] 2: 100.061521ms since last change, 154.816667ms since last push, full=true
2020-08-19T01:21:38.252735Z	info	ads	XDS: Pushing:2020-08-19T01:21:38Z/15 Services:7 ConnectedEndpoints:0
2020-08-19T01:21:38.770271Z	info	ads	Incremental push, service sleep.default.svc.cluster.local has no endpoints
2020-08-19T01:21:38.871441Z	info	ads	Push debounce stable[16] 2: 100.154012ms since last change, 119.84814ms since last push, full=true
2020-08-19T01:21:38.872356Z	info	ads	XDS: Pushing:2020-08-19T01:21:38Z/16 Services:8 ConnectedEndpoints:0
2020-08-19T01:21:38.923418Z	info	AdmissionReview for Kind=/v1, Kind=Pod Namespace=default Name= (sleep-8f795f47d-***** (actual name not yet known)) UID=7d3aecbe-8fba-43e2-8001-c36880a6610f Rfc6902PatchOperation=CREATE UserInfo={system:serviceaccount:kube-system:replicaset-controller b7f9c062-62cf-4ca7-a2ca-c58f9db38b79 [system:serviceaccounts system:serviceaccounts:kube-system system:authenticated] map[]}
2020-08-19T01:21:43.227757Z	info	ads	Push Status: {}
2020-08-19T01:21:46.683979Z	info	ads	Incremental push, service sleep.default.svc.cluster.local has no endpoints
2020-08-19T01:21:46.784482Z	info	ads	Push debounce stable[17] 1: 100.184627ms since last change, 100.184269ms since last push, full=false
2020-08-19T01:21:46.784840Z	info	ads	XDS:EDSInc Pushing:2020-08-19T01:21:38Z/16 Services:map[sleep.default.svc.cluster.local:{}] ConnectedEndpoints:0
2020-08-19T01:21:59.271419Z	info	ads	Push debounce stable[18] 1: 100.223754ms since last change, 100.223524ms since last push, full=false
2020-08-19T01:21:59.271574Z	info	ads	XDS:EDSInc Pushing:2020-08-19T01:21:38Z/16 Services:map[sleep.default.svc.cluster.local:{}] ConnectedEndpoints:0
2020-08-19T01:31:49.955890Z	info	transport: loopyWriter.run returning. connection error: desc = "transport is closing"
2020-08-19T01:49:16.655160Z	info	transport: loopyWriter.run returning. connection error: desc = "transport is closing"
2020-08-19T01:50:33.063779Z	info	transport: loopyWriter.run returning. connection error: desc = "transport is closing"
2020-08-19T01:50:45.491272Z	info	transport: loopyWriter.run returning. connection error: desc = "transport is closing"
2020-08-19T01:59:40.410887Z	info	transport: loopyWriter.run returning. connection error: desc = "transport is closing"
2020-08-19T02:14:34.428539Z	info	validationController	Reconcile(enter): update event (v1, Kind=Endpoints) istio-system/istiod
2020-08-19T02:14:34.429749Z	info	validationController	validatingwebhookconfiguration istiod-istio-system (failurePolicy=Fail, resourceVersion=1505) is up-to-date. No change required.
2020-08-19T02:16:27.903920Z	info	transport: loopyWriter.run returning. connection error: desc = "transport is closing"
2020-08-19T02:18:08.348016Z	info	transport: loopyWriter.run returning. connection error: desc = "transport is closing"
2020-08-19T02:22:30.737946Z	info	transport: loopyWriter.run returning. connection error: desc = "transport is closing"
2020-08-19T02:32:16.354187Z	info	transport: loopyWriter.run returning. connection error: desc = "transport is closing"
2020-08-19T02:44:31.863056Z	info	transport: loopyWriter.run returning. connection error: desc = "transport is closing"
2020-08-19T02:47:11.016053Z	info	transport: loopyWriter.run returning. connection error: desc = "transport is closing"
2020-08-19T02:50:31.213510Z	info	transport: loopyWriter.run returning. connection error: desc = "transport is closing"
2020-08-19T03:03:17.414999Z	info	transport: loopyWriter.run returning. connection error: desc = "transport is closing"
2020-08-19T03:17:03.063658Z	info	transport: loopyWriter.run returning. connection error: desc = "transport is closing"
2020-08-19T03:17:16.615695Z	info	transport: loopyWriter.run returning. connection error: desc = "transport is closing"
2020-08-19T03:23:29.566167Z	info	transport: loopyWriter.run returning. connection error: desc = "transport is closing"
2020-08-19T03:33:07.831787Z	info	transport: loopyWriter.run returning. connection error: desc = "transport is closing"
2020-08-19T03:44:27.361731Z	info	transport: loopyWriter.run returning. connection error: desc = "transport is closing"
2020-08-19T03:46:38.569826Z	info	transport: loopyWriter.run returning. connection error: desc = "transport is closing"
2020-08-19T03:52:26.948200Z	info	transport: loopyWriter.run returning. connection error: desc = "transport is closing"
2020-08-19T04:01:16.018371Z	info	transport: loopyWriter.run returning. connection error: desc = "transport is closing"
2020-08-19T04:13:12.669594Z	info	transport: loopyWriter.run returning. connection error: desc = "transport is closing"
2020-08-19T04:15:47.580900Z	info	transport: loopyWriter.run returning. connection error: desc = "transport is closing"
2020-08-19T04:24:07.536018Z	info	transport: loopyWriter.run returning. connection error: desc = "transport is closing"
2020-08-19T04:31:15.829153Z	info	transport: loopyWriter.run returning. connection error: desc = "transport is closing"
2020-08-19T04:40:40.859313Z	info	transport: loopyWriter.run returning. connection error: desc = "transport is closing"
2020-08-19T04:47:17.354538Z	info	transport: loopyWriter.run returning. connection error: desc = "transport is closing"
2020-08-19T04:54:55.068370Z	info	transport: loopyWriter.run returning. connection error: desc = "transport is closing"
2020-08-19T05:01:22.157059Z	info	transport: loopyWriter.run returning. connection error: desc = "transport is closing"
2020-08-19T05:09:44.360755Z	info	transport: loopyWriter.run returning. connection error: desc = "transport is closing"
2020-08-19T05:16:24.423078Z	info	transport: loopyWriter.run returning. connection error: desc = "transport is closing"
2020-08-19T05:22:33.705897Z	info	transport: loopyWriter.run returning. connection error: desc = "transport is closing"
2020-08-19T05:31:20.739423Z	info	transport: loopyWriter.run returning. connection error: desc = "transport is closing"
2020-08-19T05:38:16.417452Z	info	transport: loopyWriter.run returning. connection error: desc = "transport is closing"
2020-08-19T05:48:39.446341Z	info	transport: loopyWriter.run returning. connection error: desc = "transport is closing"
2020-08-19T05:54:03.222952Z	info	transport: loopyWriter.run returning. connection error: desc = "transport is closing"
2020-08-19T06:02:40.290733Z	info	transport: loopyWriter.run returning. connection error: desc = "transport is closing"
2020-08-19T06:07:58.291166Z	info	transport: loopyWriter.run returning. connection error: desc = "transport is closing"
2020-08-19T06:17:41.172974Z	info	transport: loopyWriter.run returning. connection error: desc = "transport is closing"
2020-08-19T06:26:24.132775Z	info	transport: loopyWriter.run returning. connection error: desc = "transport is closing"
2020-08-19T06:33:00.287154Z	info	transport: loopyWriter.run returning. connection error: desc = "transport is closing"
2020-08-19T06:35:00.268022Z	info	transport: loopyWriter.run returning. connection error: desc = "transport is closing"
2020-08-19T06:48:46.276323Z	info	transport: loopyWriter.run returning. connection error: desc = "transport is closing"
2020-08-19T06:56:15.975493Z	info	transport: loopyWriter.run returning. connection error: desc = "transport is closing"
2020-08-19T07:00:17.231041Z	info	transport: loopyWriter.run returning. connection error: desc = "transport is closing"
2020-08-19T07:06:55.283718Z	info	transport: loopyWriter.run returning. connection error: desc = "transport is closing"
2020-08-19T07:16:19.711633Z	info	transport: loopyWriter.run returning. connection error: desc = "transport is closing"
2020-08-19T07:28:39.748096Z	info	transport: loopyWriter.run returning. connection error: desc = "transport is closing"
2020-08-19T07:29:03.024086Z	info	transport: loopyWriter.run returning. connection error: desc = "transport is closing"
2020-08-19T07:39:11.643261Z	info	transport: loopyWriter.run returning. connection error: desc = "transport is closing"
2020-08-19T07:48:47.439581Z	info	transport: loopyWriter.run returning. connection error: desc = "transport is closing"
2020-08-19T07:56:05.171594Z	info	transport: loopyWriter.run returning. connection error: desc = "transport is closing"
2020-08-19T07:58:56.418293Z	info	transport: loopyWriter.run returning. connection error: desc = "transport is closing"
2020-08-19T08:12:04.856834Z	info	transport: loopyWriter.run returning. connection error: desc = "transport is closing"
2020-08-19T08:19:38.531774Z	info	transport: loopyWriter.run returning. connection error: desc = "transport is closing"
2020-08-19T08:24:29.830366Z	info	transport: loopyWriter.run returning. connection error: desc = "transport is closing"
2020-08-19T08:31:03.601720Z	info	transport: loopyWriter.run returning. connection error: desc = "transport is closing"
2020-08-19T08:44:03.761260Z	info	transport: loopyWriter.run returning. connection error: desc = "transport is closing"
2020-08-19T08:51:04.103750Z	info	transport: loopyWriter.run returning. connection error: desc = "transport is closing"
2020-08-19T08:56:19.060564Z	info	transport: loopyWriter.run returning. connection error: desc = "transport is closing"
2020-08-19T09:01:45.434883Z	info	transport: loopyWriter.run returning. connection error: desc = "transport is closing"
2020-08-19T09:16:54.890317Z	info	transport: loopyWriter.run returning. connection error: desc = "transport is closing"
2020-08-19T09:19:39.060153Z	info	transport: loopyWriter.run returning. connection error: desc = "transport is closing"
2020-08-19T09:26:54.789043Z	info	transport: loopyWriter.run returning. connection error: desc = "transport is closing"
2020-08-19T09:30:01.787985Z	info	transport: loopyWriter.run returning. connection error: desc = "transport is closing"
2020-08-19T09:44:11.533539Z	info	transport: loopyWriter.run returning. connection error: desc = "transport is closing"
2020-08-19T09:49:15.331091Z	info	transport: loopyWriter.run returning. connection error: desc = "transport is closing"
2020-08-19T09:54:10.626669Z	info	transport: loopyWriter.run returning. connection error: desc = "transport is closing"
2020-08-19T09:57:25.200040Z	info	transport: loopyWriter.run returning. connection error: desc = "transport is closing"
2020-08-19T10:12:22.281638Z	info	transport: loopyWriter.run returning. connection error: desc = "transport is closing"
2020-08-19T10:17:42.722495Z	info	transport: loopyWriter.run returning. connection error: desc = "transport is closing"
2020-08-19T10:21:35.805943Z	info	transport: loopyWriter.run returning. connection error: desc = "transport is closing"
2020-08-19T10:30:01.530279Z	info	transport: loopyWriter.run returning. connection error: desc = "transport is closing"
2020-08-19T10:41:41.786277Z	info	transport: loopyWriter.run returning. connection error: desc = "transport is closing"
2020-08-19T10:46:38.117173Z	info	transport: loopyWriter.run returning. connection error: desc = "transport is closing"
2020-08-19T10:49:32.771764Z	info	transport: loopyWriter.run returning. connection error: desc = "transport is closing"
2020-08-19T10:58:32.408855Z	info	transport: loopyWriter.run returning. connection error: desc = "transport is closing"
2020-08-19T11:11:02.549515Z	info	transport: loopyWriter.run returning. connection error: desc = "transport is closing"
2020-08-19T11:17:20.327217Z	info	transport: loopyWriter.run returning. connection error: desc = "transport is closing"
2020-08-19T11:17:44.431251Z	info	transport: loopyWriter.run returning. connection error: desc = "transport is closing"
2020-08-19T11:31:01.984518Z	info	transport: loopyWriter.run returning. connection error: desc = "transport is closing"
2020-08-19T11:43:57.388110Z	info	transport: loopyWriter.run returning. connection error: desc = "transport is closing"
2020-08-19T11:46:43.632386Z	info	transport: loopyWriter.run returning. connection error: desc = "transport is closing"
2020-08-19T11:48:26.530258Z	info	transport: loopyWriter.run returning. connection error: desc = "transport is closing"
2020-08-19T12:02:12.449745Z	info	transport: loopyWriter.run returning. connection error: desc = "transport is closing"
2020-08-19T12:15:10.439058Z	info	transport: loopyWriter.run returning. connection error: desc = "transport is closing"
2020-08-19T12:16:40.645523Z	info	transport: loopyWriter.run returning. connection error: desc = "transport is closing"
2020-08-19T12:17:07.896324Z	info	transport: loopyWriter.run returning. connection error: desc = "transport is closing"
2020-08-19T12:30:04.082671Z	info	transport: loopyWriter.run returning. connection error: desc = "transport is closing"
2020-08-19T12:42:49.027077Z	info	transport: loopyWriter.run returning. connection error: desc = "transport is closing"
2020-08-19T12:44:47.237080Z	info	transport: loopyWriter.run returning. connection error: desc = "transport is closing"
2020-08-19T12:45:11.944819Z	info	transport: loopyWriter.run returning. connection error: desc = "transport is closing"
2020-08-19T13:01:45.230566Z	info	transport: loopyWriter.run returning. connection error: desc = "transport is closing"
2020-08-19T13:14:10.534481Z	info	transport: loopyWriter.run returning. connection error: desc = "transport is closing"
2020-08-19T13:14:34.763158Z	info	transport: loopyWriter.run returning. connection error: desc = "transport is closing"
2020-08-19T13:17:06.199380Z	info	transport: loopyWriter.run returning. connection error: desc = "transport is closing"
2020-08-19T13:32:51.921557Z	info	transport: loopyWriter.run returning. connection error: desc = "transport is closing"
2020-08-19T13:43:54.148913Z	info	transport: loopyWriter.run returning. connection error: desc = "transport is closing"
2020-08-19T13:46:06.678329Z	info	transport: loopyWriter.run returning. connection error: desc = "transport is closing"
2020-08-19T13:47:23.376024Z	info	transport: loopyWriter.run returning. connection error: desc = "transport is closing"
2020-08-19T14:00:03.867703Z	info	transport: loopyWriter.run returning. connection error: desc = "transport is closing"
2020-08-19T14:12:53.668068Z	info	transport: loopyWriter.run returning. connection error: desc = "transport is closing"
2020-08-19T14:17:06.246509Z	info	transport: loopyWriter.run returning. connection error: desc = "transport is closing"
2020-08-19T14:20:09.154343Z	info	transport: loopyWriter.run returning. connection error: desc = "transport is closing"
2020-08-19T14:31:49.703644Z	info	transport: loopyWriter.run returning. connection error: desc = "transport is closing"
2020-08-19T14:42:22.056548Z	info	transport: loopyWriter.run returning. connection error: desc = "transport is closing"
2020-08-19T14:45:51.949983Z	info	transport: loopyWriter.run returning. connection error: desc = "transport is closing"
2020-08-19T14:47:51.939272Z	info	transport: loopyWriter.run returning. connection error: desc = "transport is closing"
2020-08-19T14:59:18.114557Z	info	transport: loopyWriter.run returning. connection error: desc = "transport is closing"
2020-08-19T15:14:58.253729Z	info	transport: loopyWriter.run returning. connection error: desc = "transport is closing"
2020-08-19T15:15:10.812875Z	info	transport: loopyWriter.run returning. connection error: desc = "transport is closing"
2020-08-19T15:15:53.622831Z	info	transport: loopyWriter.run returning. connection error: desc = "transport is closing"
2020-08-19T15:29:10.974531Z	info	transport: loopyWriter.run returning. connection error: desc = "transport is closing"
2020-08-19T15:44:11.886107Z	info	transport: loopyWriter.run returning. connection error: desc = "transport is closing"
2020-08-19T15:44:34.820510Z	info	validationController	Reconcile(enter): update event (v1, Kind=Endpoints) istio-system/istiod
2020-08-19T15:44:34.821828Z	info	validationController	validatingwebhookconfiguration istiod-istio-system (failurePolicy=Fail, resourceVersion=1505) is up-to-date. No change required.
2020-08-19T15:47:28.160835Z	info	transport: loopyWriter.run returning. connection error: desc = "transport is closing"
2020-08-19T15:48:09.321102Z	info	transport: loopyWriter.run returning. connection error: desc = "transport is closing"
2020-08-19T16:00:56.344635Z	info	transport: loopyWriter.run returning. connection error: desc = "transport is closing"
2020-08-19T16:14:17.545259Z	info	transport: loopyWriter.run returning. connection error: desc = "transport is closing"
2020-08-19T16:16:02.756138Z	info	transport: loopyWriter.run returning. connection error: desc = "transport is closing"
2020-08-19T16:16:09.665805Z	info	transport: loopyWriter.run returning. connection error: desc = "transport is closing"
2020-08-19T16:30:39.392609Z	info	transport: loopyWriter.run returning. connection error: desc = "transport is closing"
2020-08-19T16:43:28.850372Z	info	transport: loopyWriter.run returning. connection error: desc = "transport is closing"
2020-08-19T16:44:21.834844Z	info	transport: loopyWriter.run returning. connection error: desc = "transport is closing"
2020-08-19T16:48:44.511517Z	info	transport: loopyWriter.run returning. connection error: desc = "transport is closing"
2020-08-19T17:01:12.549688Z	info	transport: loopyWriter.run returning. connection error: desc = "transport is closing"
2020-08-19T17:10:58.211379Z	info	transport: loopyWriter.run returning. connection error: desc = "transport is closing"
2020-08-19T17:11:27.765082Z	info	transport: loopyWriter.run returning. connection error: desc = "transport is closing"
2020-08-19T17:16:17.811859Z	info	transport: loopyWriter.run returning. connection error: desc = "transport is closing"
2020-08-19T17:33:29.023414Z	info	transport: loopyWriter.run returning. connection error: desc = "transport is closing"
2020-08-19T17:43:26.877248Z	info	transport: loopyWriter.run returning. connection error: desc = "transport is closing"
2020-08-19T17:43:55.162346Z	info	transport: loopyWriter.run returning. connection error: desc = "transport is closing"
2020-08-19T17:44:01.287606Z	info	transport: loopyWriter.run returning. connection error: desc = "transport is closing"
2020-08-19T18:04:17.530483Z	info	transport: loopyWriter.run returning. connection error: desc = "transport is closing"
2020-08-19T18:11:06.992495Z	info	transport: loopyWriter.run returning. connection error: desc = "transport is closing"
2020-08-19T18:11:39.266382Z	info	transport: loopyWriter.run returning. connection error: desc = "transport is closing"
2020-08-19T18:15:11.079781Z	info	transport: loopyWriter.run returning. connection error: desc = "transport is closing"
2020-08-19T18:35:46.152129Z	info	transport: loopyWriter.run returning. connection error: desc = "transport is closing"
2020-08-19T18:38:13.897057Z	info	transport: loopyWriter.run returning. connection error: desc = "transport is closing"
2020-08-19T18:39:52.459471Z	info	transport: loopyWriter.run returning. connection error: desc = "transport is closing"
2020-08-19T18:44:55.809049Z	info	transport: loopyWriter.run returning. connection error: desc = "transport is closing"
2020-08-19T19:02:47.133158Z	info	transport: loopyWriter.run returning. connection error: desc = "transport is closing"
2020-08-19T19:10:27.509961Z	info	transport: loopyWriter.run returning. connection error: desc = "transport is closing"
2020-08-19T19:11:51.969778Z	info	transport: loopyWriter.run returning. connection error: desc = "transport is closing"
2020-08-19T19:13:37.998596Z	info	transport: loopyWriter.run returning. connection error: desc = "transport is closing"
2020-08-19T19:31:58.276427Z	info	transport: loopyWriter.run returning. connection error: desc = "transport is closing"
2020-08-19T19:39:59.316261Z	info	transport: loopyWriter.run returning. connection error: desc = "transport is closing"
2020-08-19T19:40:47.892662Z	info	transport: loopyWriter.run returning. connection error: desc = "transport is closing"
2020-08-19T19:42:37.560347Z	info	transport: loopyWriter.run returning. connection error: desc = "transport is closing"
2020-08-19T20:00:04.483661Z	info	transport: loopyWriter.run returning. connection error: desc = "transport is closing"
2020-08-19T20:07:07.554048Z	info	transport: loopyWriter.run returning. connection error: desc = "transport is closing"
2020-08-19T20:12:16.612635Z	info	transport: loopyWriter.run returning. connection error: desc = "transport is closing"
2020-08-19T20:15:27.529901Z	info	transport: loopyWriter.run returning. connection error: desc = "transport is closing"
2020-08-19T20:27:47.409389Z	info	transport: loopyWriter.run returning. connection error: desc = "transport is closing"
2020-08-19T20:38:41.301722Z	info	transport: loopyWriter.run returning. connection error: desc = "transport is closing"
2020-08-19T20:42:11.315673Z	info	transport: loopyWriter.run returning. connection error: desc = "transport is closing"
2020-08-19T20:45:00.777720Z	info	transport: loopyWriter.run returning. connection error: desc = "transport is closing"
2020-08-19T20:55:03.855552Z	info	transport: loopyWriter.run returning. connection error: desc = "transport is closing"
2020-08-19T21:07:58.356728Z	info	transport: loopyWriter.run returning. connection error: desc = "transport is closing"
2020-08-19T21:12:02.255603Z	info	transport: loopyWriter.run returning. connection error: desc = "transport is closing"
2020-08-19T21:14:50.730788Z	info	transport: loopyWriter.run returning. connection error: desc = "transport is closing"
2020-08-19T21:24:34.008472Z	info	transport: loopyWriter.run returning. connection error: desc = "transport is closing"
2020-08-19T21:38:21.635168Z	info	transport: loopyWriter.run returning. connection error: desc = "transport is closing"
2020-08-19T21:43:32.285213Z	info	transport: loopyWriter.run returning. connection error: desc = "transport is closing"
2020-08-19T21:43:51.165401Z	info	transport: loopyWriter.run returning. connection error: desc = "transport is closing"
2020-08-19T21:56:59.635037Z	info	transport: loopyWriter.run returning. connection error: desc = "transport is closing"
2020-08-19T22:07:51.332854Z	info	transport: loopyWriter.run returning. connection error: desc = "transport is closing"
2020-08-19T22:13:17.840559Z	info	transport: loopyWriter.run returning. connection error: desc = "transport is closing"
2020-08-19T22:14:10.768311Z	info	transport: loopyWriter.run returning. connection error: desc = "transport is closing"
2020-08-19T22:28:54.687788Z	info	transport: loopyWriter.run returning. connection error: desc = "transport is closing"
2020-08-19T22:37:40.848219Z	info	transport: loopyWriter.run returning. connection error: desc = "transport is closing"
2020-08-19T22:41:04.980753Z	info	transport: loopyWriter.run returning. connection error: desc = "transport is closing"
2020-08-19T22:42:22.789945Z	info	transport: loopyWriter.run returning. connection error: desc = "transport is closing"
2020-08-19T22:59:06.919652Z	info	transport: loopyWriter.run returning. connection error: desc = "transport is closing"
2020-08-19T23:07:55.387176Z	info	transport: loopyWriter.run returning. connection error: desc = "transport is closing"
2020-08-19T23:12:14.794180Z	info	transport: loopyWriter.run returning. connection error: desc = "transport is closing"
2020-08-19T23:12:41.838615Z	info	transport: loopyWriter.run returning. connection error: desc = "transport is closing"
2020-08-19T23:26:58.374420Z	info	transport: loopyWriter.run returning. connection error: desc = "transport is closing"
2020-08-19T23:38:20.888180Z	info	transport: loopyWriter.run returning. connection error: desc = "transport is closing"
2020-08-19T23:42:21.606523Z	info	transport: loopyWriter.run returning. connection error: desc = "transport is closing"
2020-08-19T23:42:21.788670Z	info	transport: loopyWriter.run returning. connection error: desc = "transport is closing"
2020-08-19T23:55:57.478160Z	info	transport: loopyWriter.run returning. connection error: desc = "transport is closing"
2020-08-20T00:10:27.606390Z	info	transport: loopyWriter.run returning. connection error: desc = "transport is closing"
2020-08-20T00:10:38.134817Z	info	transport: loopyWriter.run returning. connection error: desc = "transport is closing"
2020-08-20T00:12:14.429273Z	info	transport: loopyWriter.run returning. connection error: desc = "transport is closing"
2020-08-20T00:26:43.163588Z	info	transport: loopyWriter.run returning. connection error: desc = "transport is closing"
2020-08-20T00:41:03.330488Z	info	transport: loopyWriter.run returning. connection error: desc = "transport is closing"
2020-08-20T00:41:29.999305Z	info	transport: loopyWriter.run returning. connection error: desc = "transport is closing"
2020-08-20T00:43:54.320210Z	info	transport: loopyWriter.run returning. connection error: desc = "transport is closing"
2020-08-20T00:58:06.141179Z	info	transport: loopyWriter.run returning. connection error: desc = "transport is closing"
2020-08-20T01:11:06.973384Z	info	transport: loopyWriter.run returning. connection error: desc = "transport is closing"
2020-08-20T01:11:28.096273Z	info	transport: loopyWriter.run returning. connection error: desc = "transport is closing"
2020-08-20T01:13:46.995780Z	info	transport: loopyWriter.run returning. connection error: desc = "transport is closing"
2020-08-20T01:22:59.089408Z	info	Handle EDS endpoints: skip updating, service helloworld/default has not been populated
2020-08-20T01:22:59.181446Z	info	ads	Push debounce stable[19] 1: 100.167506ms since last change, 100.167221ms since last push, full=true
2020-08-20T01:22:59.182096Z	info	ads	XDS: Pushing:2020-08-20T01:22:59Z/17 Services:7 ConnectedEndpoints:0
2020-08-20T01:22:59.577313Z	info	Handle EDS endpoints: skip updating, service sleep/default has not been populated
2020-08-20T01:22:59.659737Z	info	ads	Push debounce stable[20] 1: 100.122004ms since last change, 100.121709ms since last push, full=true
2020-08-20T01:22:59.660237Z	info	ads	XDS: Pushing:2020-08-20T01:22:59Z/18 Services:6 ConnectedEndpoints:0
2020-08-20T01:23:03.227893Z	info	ads	Push Status: {}
2020-08-20T01:23:04.563546Z	info	transport: loopyWriter.run returning. connection error: desc = "transport is closing"
2020-08-20T01:23:04.797490Z	info	transport: loopyWriter.run returning. connection error: desc = "transport is closing"
2020-08-20T01:25:11.514034Z	info	transport: loopyWriter.run returning. connection error: desc = "transport is closing"
2020-08-20T01:26:15.031984Z	info	ads	Incremental push, service helloworld.default.svc.cluster.local has no endpoints
2020-08-20T01:26:15.132256Z	info	ads	Push debounce stable[21] 2: 100.179667ms since last change, 105.275049ms since last push, full=true
2020-08-20T01:26:15.132729Z	info	ads	XDS: Pushing:2020-08-20T01:26:15Z/19 Services:7 ConnectedEndpoints:0
2020-08-20T01:26:15.358597Z	info	AdmissionReview for Kind=/v1, Kind=Pod Namespace=default Name= (helloworld-v2-7855866d4f-***** (actual name not yet known)) UID=a677f810-d8ba-44db-aef9-34d33a2eb204 Rfc6902PatchOperation=CREATE UserInfo={system:serviceaccount:kube-system:replicaset-controller b7f9c062-62cf-4ca7-a2ca-c58f9db38b79 [system:serviceaccounts system:serviceaccounts:kube-system system:authenticated] map[]}
2020-08-20T01:26:16.074993Z	info	ads	Incremental push, service sleep.default.svc.cluster.local has no endpoints
2020-08-20T01:26:16.175178Z	info	ads	Push debounce stable[22] 2: 100.133078ms since last change, 108.788782ms since last push, full=true
2020-08-20T01:26:16.175810Z	info	ads	XDS: Pushing:2020-08-20T01:26:16Z/20 Services:8 ConnectedEndpoints:0
2020-08-20T01:26:16.308715Z	info	AdmissionReview for Kind=/v1, Kind=Pod Namespace=default Name= (sleep-8f795f47d-***** (actual name not yet known)) UID=c9ac903b-2e7e-4bdd-bf95-1e150199c024 Rfc6902PatchOperation=CREATE UserInfo={system:serviceaccount:kube-system:replicaset-controller b7f9c062-62cf-4ca7-a2ca-c58f9db38b79 [system:serviceaccounts system:serviceaccounts:kube-system system:authenticated] map[]}
2020-08-20T01:26:22.482378Z	info	ads	Incremental push, service helloworld.default.svc.cluster.local has no endpoints
2020-08-20T01:26:22.582616Z	info	ads	Push debounce stable[23] 1: 100.133089ms since last change, 100.132803ms since last push, full=false
2020-08-20T01:26:22.582780Z	info	ads	XDS:EDSInc Pushing:2020-08-20T01:26:16Z/20 Services:map[helloworld.default.svc.cluster.local:{}] ConnectedEndpoints:0
2020-08-20T01:26:23.227757Z	info	ads	Push Status: {}
2020-08-20T01:26:26.461213Z	info	ads	Incremental push, service sleep.default.svc.cluster.local has no endpoints
2020-08-20T01:26:26.561396Z	info	ads	Push debounce stable[24] 1: 100.116284ms since last change, 100.115995ms since last push, full=false
2020-08-20T01:26:26.561538Z	info	ads	XDS:EDSInc Pushing:2020-08-20T01:26:16Z/20 Services:map[sleep.default.svc.cluster.local:{}] ConnectedEndpoints:0
2020-08-20T01:26:30.785456Z	info	ads	Push debounce stable[25] 1: 100.140236ms since last change, 100.139748ms since last push, full=false
2020-08-20T01:26:30.785767Z	info	ads	XDS:EDSInc Pushing:2020-08-20T01:26:16Z/20 Services:map[helloworld.default.svc.cluster.local:{}] ConnectedEndpoints:0
2020-08-20T01:26:34.956679Z	info	ads	Push debounce stable[26] 1: 100.143313ms since last change, 100.143017ms since last push, full=false
2020-08-20T01:26:34.956842Z	info	ads	XDS:EDSInc Pushing:2020-08-20T01:26:16Z/20 Services:map[sleep.default.svc.cluster.local:{}] ConnectedEndpoints:0
2020-08-20T01:38:14.258781Z	info	transport: loopyWriter.run returning. connection error: desc = "transport is closing"
2020-08-20T01:52:23.785198Z	info	transport: loopyWriter.run returning. connection error: desc = "transport is closing"
2020-08-20T01:54:56.459826Z	info	transport: loopyWriter.run returning. connection error: desc = "transport is closing"
2020-08-20T01:57:42.585820Z	info	transport: loopyWriter.run returning. connection error: desc = "transport is closing"
2020-08-20T01:58:10.052318Z	info	Handle EDS endpoints: skip updating, service helloworld/default has not been populated
2020-08-20T01:58:10.143446Z	info	ads	Push debounce stable[27] 1: 100.11705ms since last change, 100.116764ms since last push, full=true
2020-08-20T01:58:10.144242Z	info	ads	XDS: Pushing:2020-08-20T01:58:10Z/21 Services:7 ConnectedEndpoints:0
2020-08-20T01:58:10.474876Z	info	Handle EDS endpoints: skip updating, service sleep/default has not been populated
2020-08-20T01:58:10.567338Z	info	ads	Push debounce stable[28] 1: 100.175486ms since last change, 100.175033ms since last push, full=true
2020-08-20T01:58:10.567754Z	info	ads	XDS: Pushing:2020-08-20T01:58:10Z/22 Services:6 ConnectedEndpoints:0
2020-08-20T01:58:13.227848Z	info	ads	Push Status: {}
2020-08-20T01:58:15.450020Z	info	transport: loopyWriter.run returning. connection error: desc = "transport is closing"
2020-08-20T01:58:15.706474Z	info	transport: loopyWriter.run returning. connection error: desc = "transport is closing"
2020-08-20T01:59:44.327264Z	info	ads	Push debounce stable[29] 1: 100.163574ms since last change, 100.163296ms since last push, full=true
2020-08-20T01:59:44.327904Z	info	ads	XDS: Pushing:2020-08-20T01:59:44Z/23 Services:7 ConnectedEndpoints:0
2020-08-20T01:59:44.469381Z	info	ads	Incremental push, service helloworld.default.svc.cluster.local has no endpoints
2020-08-20T01:59:44.563012Z	info	AdmissionReview for Kind=/v1, Kind=Pod Namespace=default Name= (helloworld-v2-7855866d4f-***** (actual name not yet known)) UID=45a9d265-4065-4b5a-9dd1-9e50f58fb0d3 Rfc6902PatchOperation=CREATE UserInfo={system:serviceaccount:kube-system:replicaset-controller b7f9c062-62cf-4ca7-a2ca-c58f9db38b79 [system:serviceaccounts system:serviceaccounts:kube-system system:authenticated] map[]}
2020-08-20T01:59:44.569657Z	info	ads	Push debounce stable[30] 1: 100.207617ms since last change, 100.20731ms since last push, full=false
2020-08-20T01:59:44.569752Z	info	ads	XDS:EDSInc Pushing:2020-08-20T01:59:44Z/23 Services:map[helloworld.default.svc.cluster.local:{}] ConnectedEndpoints:0
2020-08-20T01:59:45.235271Z	info	ads	Incremental push, service sleep.default.svc.cluster.local has no endpoints
2020-08-20T01:59:45.335512Z	info	ads	Push debounce stable[31] 2: 100.178364ms since last change, 154.200751ms since last push, full=true
2020-08-20T01:59:45.335929Z	info	ads	XDS: Pushing:2020-08-20T01:59:45Z/24 Services:8 ConnectedEndpoints:0
2020-08-20T01:59:45.341498Z	info	AdmissionReview for Kind=/v1, Kind=Pod Namespace=default Name= (sleep-8f795f47d-***** (actual name not yet known)) UID=8bd380ec-e7a0-4dae-8045-9a9111183930 Rfc6902PatchOperation=CREATE UserInfo={system:serviceaccount:kube-system:replicaset-controller b7f9c062-62cf-4ca7-a2ca-c58f9db38b79 [system:serviceaccounts system:serviceaccounts:kube-system system:authenticated] map[]}
2020-08-20T01:59:53.227691Z	info	ads	Push Status: {}
2020-08-20T01:59:53.574156Z	info	ads	Incremental push, service sleep.default.svc.cluster.local has no endpoints
2020-08-20T01:59:53.674551Z	info	ads	Push debounce stable[32] 1: 100.311401ms since last change, 100.31102ms since last push, full=false
2020-08-20T01:59:53.674672Z	info	ads	XDS:EDSInc Pushing:2020-08-20T01:59:45Z/24 Services:map[sleep.default.svc.cluster.local:{}] ConnectedEndpoints:0
2020-08-20T01:59:56.147368Z	info	ads	Incremental push, service helloworld.default.svc.cluster.local has no endpoints
2020-08-20T01:59:56.247574Z	info	ads	Push debounce stable[33] 1: 100.112057ms since last change, 100.111749ms since last push, full=false
2020-08-20T01:59:56.247670Z	info	ads	XDS:EDSInc Pushing:2020-08-20T01:59:45Z/24 Services:map[helloworld.default.svc.cluster.local:{}] ConnectedEndpoints:0
2020-08-20T02:00:05.230752Z	info	ads	Push debounce stable[34] 1: 100.178704ms since last change, 100.178557ms since last push, full=false
2020-08-20T02:00:05.230882Z	info	ads	XDS:EDSInc Pushing:2020-08-20T01:59:45Z/24 Services:map[sleep.default.svc.cluster.local:{}] ConnectedEndpoints:0
2020-08-20T02:00:07.390002Z	info	ads	Push debounce stable[35] 1: 100.135948ms since last change, 100.135543ms since last push, full=false
2020-08-20T02:00:07.390136Z	info	ads	XDS:EDSInc Pushing:2020-08-20T01:59:45Z/24 Services:map[helloworld.default.svc.cluster.local:{}] ConnectedEndpoints:0
2020-08-20T02:08:53.383473Z	info	transport: loopyWriter.run returning. connection error: desc = "transport is closing"
2020-08-20T02:25:18.826887Z	info	transport: loopyWriter.run returning. connection error: desc = "transport is closing"
2020-08-20T02:28:02.518280Z	info	transport: loopyWriter.run returning. connection error: desc = "transport is closing"
2020-08-20T02:30:59.100974Z	info	transport: loopyWriter.run returning. connection error: desc = "transport is closing"
2020-08-20T02:36:15.360630Z	info	transport: loopyWriter.run returning. connection error: desc = "transport is closing"
2020-08-20T02:43:51.805467Z	info	Handle EDS endpoints: skip updating, service helloworld/default has not been populated
2020-08-20T02:43:51.817805Z	info	ads	Push debounce stable[36] 1: 100.180167ms since last change, 100.179882ms since last push, full=true
2020-08-20T02:43:51.818555Z	info	ads	XDS: Pushing:2020-08-20T02:43:51Z/25 Services:7 ConnectedEndpoints:0
2020-08-20T02:43:52.138296Z	info	Handle EDS endpoints: skip updating, service sleep/default has not been populated
2020-08-20T02:43:52.222131Z	info	ads	Push debounce stable[37] 1: 100.036489ms since last change, 100.035949ms since last push, full=true
2020-08-20T02:43:52.222600Z	info	ads	XDS: Pushing:2020-08-20T02:43:52Z/26 Services:6 ConnectedEndpoints:0
2020-08-20T02:43:53.227800Z	info	ads	Push Status: {}
2020-08-20T02:43:57.147739Z	info	transport: loopyWriter.run returning. connection error: desc = "transport is closing"
2020-08-20T02:43:57.389354Z	info	transport: loopyWriter.run returning. connection error: desc = "transport is closing"
2020-08-20T02:44:43.583730Z	info	ads	Incremental push, service helloworld.default.svc.cluster.local has no endpoints
2020-08-20T02:44:43.683998Z	info	ads	Push debounce stable[38] 2: 100.166171ms since last change, 118.690112ms since last push, full=true
2020-08-20T02:44:43.684529Z	info	ads	XDS: Pushing:2020-08-20T02:44:43Z/27 Services:7 ConnectedEndpoints:0
2020-08-20T02:44:43.888225Z	info	AdmissionReview for Kind=/v1, Kind=Pod Namespace=default Name= (helloworld-v2-7855866d4f-***** (actual name not yet known)) UID=e96358ee-dd7e-4a9c-8b85-46a1e1cc32a8 Rfc6902PatchOperation=CREATE UserInfo={system:serviceaccount:kube-system:replicaset-controller b7f9c062-62cf-4ca7-a2ca-c58f9db38b79 [system:serviceaccounts system:serviceaccounts:kube-system system:authenticated] map[]}
2020-08-20T02:44:44.789293Z	info	ads	Incremental push, service sleep.default.svc.cluster.local has no endpoints
2020-08-20T02:44:44.889588Z	info	ads	Push debounce stable[39] 2: 100.218009ms since last change, 112.287961ms since last push, full=true
2020-08-20T02:44:44.890083Z	info	ads	XDS: Pushing:2020-08-20T02:44:44Z/28 Services:8 ConnectedEndpoints:0
2020-08-20T02:44:44.970111Z	info	AdmissionReview for Kind=/v1, Kind=Pod Namespace=default Name= (sleep-8f795f47d-***** (actual name not yet known)) UID=c293b200-f803-4cc3-bd4a-2a5e6bb573b4 Rfc6902PatchOperation=CREATE UserInfo={system:serviceaccount:kube-system:replicaset-controller b7f9c062-62cf-4ca7-a2ca-c58f9db38b79 [system:serviceaccounts system:serviceaccounts:kube-system system:authenticated] map[]}
2020-08-20T02:44:53.227721Z	info	ads	Push Status: {}
2020-08-20T02:44:53.269196Z	info	ads	Incremental push, service helloworld.default.svc.cluster.local has no endpoints
2020-08-20T02:44:53.369429Z	info	ads	Push debounce stable[40] 1: 100.16367ms since last change, 100.163247ms since last push, full=false
2020-08-20T02:44:53.369574Z	info	ads	XDS:EDSInc Pushing:2020-08-20T02:44:44Z/28 Services:map[helloworld.default.svc.cluster.local:{}] ConnectedEndpoints:0
2020-08-20T02:44:54.186719Z	info	ads	Incremental push, service sleep.default.svc.cluster.local has no endpoints
2020-08-20T02:44:54.286914Z	info	ads	Push debounce stable[41] 1: 100.123276ms since last change, 100.122983ms since last push, full=false
2020-08-20T02:44:54.287028Z	info	ads	XDS:EDSInc Pushing:2020-08-20T02:44:44Z/28 Services:map[sleep.default.svc.cluster.local:{}] ConnectedEndpoints:0
2020-08-20T02:45:00.757552Z	info	ads	Push debounce stable[42] 1: 100.132819ms since last change, 100.132671ms since last push, full=false
2020-08-20T02:45:00.757632Z	info	ads	XDS:EDSInc Pushing:2020-08-20T02:44:44Z/28 Services:map[helloworld.default.svc.cluster.local:{}] ConnectedEndpoints:0
2020-08-20T02:45:05.169435Z	info	ads	Push debounce stable[43] 1: 100.246676ms since last change, 100.246375ms since last push, full=false
2020-08-20T02:45:05.169573Z	info	ads	XDS:EDSInc Pushing:2020-08-20T02:44:44Z/28 Services:map[sleep.default.svc.cluster.local:{}] ConnectedEndpoints:0
2020-08-20T02:57:16.039550Z	info	transport: loopyWriter.run returning. connection error: desc = "transport is closing"
2020-08-20T03:04:52.713107Z	info	transport: loopyWriter.run returning. connection error: desc = "transport is closing"
2020-08-20T03:13:45.651535Z	info	transport: loopyWriter.run returning. connection error: desc = "transport is closing"
2020-08-20T03:17:09.173874Z	info	transport: loopyWriter.run returning. connection error: desc = "transport is closing"
2020-08-20T03:23:38.618798Z	info	Handle EDS endpoints: skip updating, service helloworld/default has not been populated
2020-08-20T03:23:38.701635Z	info	ads	Push debounce stable[44] 1: 100.138298ms since last change, 100.138004ms since last push, full=true
2020-08-20T03:23:38.702597Z	info	ads	XDS: Pushing:2020-08-20T03:23:38Z/29 Services:7 ConnectedEndpoints:0
2020-08-20T03:23:38.995934Z	info	Handle EDS endpoints: skip updating, service sleep/default has not been populated
2020-08-20T03:23:39.077191Z	info	ads	Push debounce stable[45] 1: 100.113379ms since last change, 100.113091ms since last push, full=true
2020-08-20T03:23:39.077607Z	info	ads	XDS: Pushing:2020-08-20T03:23:39Z/30 Services:6 ConnectedEndpoints:0
2020-08-20T03:23:43.227980Z	info	ads	Push Status: {}
2020-08-20T03:23:43.947104Z	info	transport: loopyWriter.run returning. connection error: desc = "transport is closing"
2020-08-20T03:23:44.275230Z	info	transport: loopyWriter.run returning. connection error: desc = "transport is closing"
2020-08-20T03:25:34.734953Z	info	ads	Incremental push, service helloworld.default.svc.cluster.local has no endpoints
2020-08-20T03:25:34.835237Z	info	ads	Push debounce stable[46] 2: 100.1535ms since last change, 107.626042ms since last push, full=true
2020-08-20T03:25:34.840727Z	info	ads	XDS: Pushing:2020-08-20T03:25:34Z/31 Services:7 ConnectedEndpoints:0
2020-08-20T03:25:35.051564Z	info	AdmissionReview for Kind=/v1, Kind=Pod Namespace=default Name= (helloworld-v2-7855866d4f-***** (actual name not yet known)) UID=b8f625ce-c107-457f-a91a-a6eb65a2ec7a Rfc6902PatchOperation=CREATE UserInfo={system:serviceaccount:kube-system:replicaset-controller b7f9c062-62cf-4ca7-a2ca-c58f9db38b79 [system:serviceaccounts system:serviceaccounts:kube-system system:authenticated] map[]}
2020-08-20T03:25:42.459794Z	info	ads	Incremental push, service helloworld.default.svc.cluster.local has no endpoints
2020-08-20T03:25:42.559949Z	info	ads	Push debounce stable[47] 1: 100.055575ms since last change, 100.055155ms since last push, full=false
2020-08-20T03:25:42.560124Z	info	ads	XDS:EDSInc Pushing:2020-08-20T03:25:34Z/31 Services:map[helloworld.default.svc.cluster.local:{}] ConnectedEndpoints:0
2020-08-20T03:25:43.227802Z	info	ads	Push Status: {}
2020-08-20T03:25:51.612341Z	info	ads	Push debounce stable[48] 1: 100.210718ms since last change, 100.2104ms since last push, full=false
2020-08-20T03:25:51.612467Z	info	ads	XDS:EDSInc Pushing:2020-08-20T03:25:34Z/31 Services:map[helloworld.default.svc.cluster.local:{}] ConnectedEndpoints:0
2020-08-20T03:26:35.461647Z	info	transport: loopyWriter.run returning. connection error: desc = "transport is closing"
